<?xml version="1.0" encoding="UTF-8"?>
<testsuite xmlns:xsi="http://www.w3.org/2001/XMLSchema-instance" xsi:noNamespaceSchemaLocation="https://maven.apache.org/surefire/maven-surefire-plugin/xsd/surefire-test-report.xsd" name="Runner.Test" time="857.477" tests="13" errors="6" skipped="0" failures="3">
  <properties>
[...]
</properties>
  <testcase name="Check the buttons text and tool tip #1" classname="Runner.Test" time="84.684">
    <error message="Expected condition failed: waiting for element to be clickable: [[ChromeDriver: chrome on LINUX (d057908a34ce3810982fe12d58893761)] -&gt; xpath: //*[@class=&apos;dropdown-menu dropdown-content rightMenu&apos;]//li//a] (tried for 60 second(s) with 500 milliseconds interval)&#10;Build info: version: &apos;3.141.59&apos;, revision: &apos;e82be7d358&apos;, time: &apos;2018-11-14T08:17:03&apos;&#10;System info: host: &apos;safia-HP-Laptop-15-dw3xxx&apos;, ip: &apos;127.0.1.1&apos;, os.name: &apos;Linux&apos;, os.arch: &apos;amd64&apos;, os.version: &apos;5.15.0-46-generic&apos;, java.version: &apos;11.0.16&apos;&#10;Driver info: org.openqa.selenium.chrome.ChromeDriver&#10;Capabilities {acceptInsecureCerts: false, browserName: chrome, browserVersion: 107.0.5304.110, chrome: {chromedriverVersion: 107.0.5304.62 (1eec40d3a576..., userDataDir: /tmp/.com.google.Chrome.qfOwYl}, goog:chromeOptions: {debuggerAddress: localhost:34447}, javascriptEnabled: true, networkConnectionEnabled: false, pageLoadStrategy: normal, platform: LINUX, platformName: LINUX, proxy: Proxy(), setWindowRect: true, strictFileInteractability: false, timeouts: {implicit: 0, pageLoad: 300000, script: 30000}, unhandledPromptBehavior: dismiss and notify, webauthn:extension:credBlob: true, webauthn:extension:largeBlob: true, webauthn:virtualAuthenticators: true}&#10;Session ID: d057908a34ce3810982fe12d58893761" type="org.openqa.selenium.TimeoutException">org.openqa.selenium.TimeoutException: 
Expected condition failed: waiting for element to be clickable: [[ChromeDriver: chrome on LINUX (d057908a34ce3810982fe12d58893761)] -> xpath: //*[@class='dropdown-menu dropdown-content rightMenu']//li//a] (tried for 60 second(s) with 500 milliseconds interval)
Build info: version: '3.141.59', revision: 'e82be7d358', time: '2018-11-14T08:17:03'
System info: host: 'safia-HP-Laptop-15-dw3xxx', ip: '127.0.1.1', os.name: 'Linux', os.arch: 'amd64', os.version: '5.15.0-46-generic', java.version: '11.0.16'
Driver info: org.openqa.selenium.chrome.ChromeDriver
Capabilities {acceptInsecureCerts: false, browserName: chrome, browserVersion: 107.0.5304.110, chrome: {chromedriverVersion: 107.0.5304.62 (1eec40d3a576..., userDataDir: /tmp/.com.google.Chrome.qfOwYl}, goog:chromeOptions: {debuggerAddress: localhost:34447}, javascriptEnabled: true, networkConnectionEnabled: false, pageLoadStrategy: normal, platform: LINUX, platformName: LINUX, proxy: Proxy(), setWindowRect: true, strictFileInteractability: false, timeouts: {implicit: 0, pageLoad: 300000, script: 30000}, unhandledPromptBehavior: dismiss and notify, webauthn:extension:credBlob: true, webauthn:extension:largeBlob: true, webauthn:virtualAuthenticators: true}
Session ID: d057908a34ce3810982fe12d58893761
</error>
    <system-out><![CDATA[
@current-implementation @important
Scenario Outline: Check the buttons text and tool tip                                              &amp#27;[90m# src/test/java/Features/Dashboard.feature:39&amp#27;[0m
  &amp#27;[32mGiven &amp#27;[0m&amp#27;[32mThe user open the login page&amp#27;[0m                                                               &amp#27;[90m# StepDefinitions.LoginSteps.the_user_open_the_login_page()&amp#27;[0m
  &amp#27;[32mWhen &amp#27;[0m&amp#27;[32mThe user enter a valid username &amp#27;[0m&amp#27;[32m&amp#27;[1m"s.mahallel99@gmail.com"&amp#27;[0m                                    &amp#27;[90m# StepDefinitions.LoginSteps.the_user_enter_a_valid_username(java.lang.String)&amp#27;[0m
  &amp#27;[32mAnd &amp#27;[0m&amp#27;[32mThe user enter a valid password &amp#27;[0m&amp#27;[32m&amp#27;[1m"123456789a"&amp#27;[0m                                                 &amp#27;[90m# StepDefinitions.LoginSteps.the_user_enter_a_valid_password(java.lang.String)&amp#27;[0m
  &amp#27;[32mAnd &amp#27;[0m&amp#27;[32mThe user check the remeber me check box&amp#27;[0m                                                      &amp#27;[90m# StepDefinitions.LoginSteps.the_user_check_the_remeber_me_check_box()&amp#27;[0m
  &amp#27;[32mAnd &amp#27;[0m&amp#27;[32mThe user click on submit button&amp#27;[0m                                                              &amp#27;[90m# StepDefinitions.LoginSteps.the_user_click_on_submit_button()&amp#27;[0m
  &amp#27;[32mThen &amp#27;[0m&amp#27;[32mThe system should redirect to the dashboard page with the title &amp#27;[0m&amp#27;[32m&amp#27;[1m"ACME System 1 - Dashboard"&amp#27;[0m &amp#27;[90m# StepDefinitions.LoginSteps.the_system_should_redirect_to_the_dashboard_page_with_the_title(java.lang.String)&amp#27;[0m
  &amp#27;[32mThen &amp#27;[0m&amp#27;[32mThe system appear the button text &amp#27;[0m&amp#27;[32m&amp#27;[1m"User options"&amp#27;[0m                                            &amp#27;[90m# StepDefinitions.DashboardSteps.the_system_appear_the_button_text(java.lang.String)&amp#27;[0m
***************Download Client and Support
+++++++++++Download Client and Support
+++++++++++Reset test data
+++++++++++Change password
+++++++++++Check training assignments
+++++++++++Add account modification
+++++++++++View account history
+++++++++++Search for Check
+++++++++++Submit Check Copy
+++++++++++Search for Vendor
+++++++++++Add Vendor
+++++++++++Download Resource Report
+++++++++++Resource Order
+++++++++++Download Vendor List
+++++++++++Vendor Inventory
+++++++++++Upload Order
+++++++++++Vendors Stock
+++++++++++Create Order
+++++++++++Search for Invoice
+++++++++++Add Invoice Details
+++++++++++Delete Invoice
+++++++++++Download Monthly Invoices
+++++++++++Download Full Invoice Report
+++++++++++Download Monthly Report
+++++++++++Upload Yearly Report
+++++++++++Download Enrollment Report
+++++++++++Download Result Report
+++++++++++Score Card
+++++++++++
  &amp#27;[31mAnd &amp#27;[0m&amp#27;[31mThe system appear First tool tip link &amp#27;[0m&amp#27;[31m&amp#27;[1m"Download Client and Support"&amp#27;[0m                          &amp#27;[90m# StepDefinitions.DashboardSteps.the_system_appear_first_tool_tip_link(java.lang.String)&amp#27;[0m
      &amp#27;[31morg.openqa.selenium.TimeoutException: Expected condition failed: waiting for element to be clickable: [[ChromeDriver: chrome on LINUX (d057908a34ce3810982fe12d58893761)] -> xpath: //*[@class='dropdown-menu dropdown-content rightMenu']//li//a] (tried for 60 second(s) with 500 milliseconds interval)
Build info: version: '3.141.59', revision: 'e82be7d358', time: '2018-11-14T08:17:03'
System info: host: 'safia-HP-Laptop-15-dw3xxx', ip: '127.0.1.1', os.name: 'Linux', os.arch: 'amd64', os.version: '5.15.0-46-generic', java.version: '11.0.16'
Driver info: org.openqa.selenium.chrome.ChromeDriver
Capabilities {acceptInsecureCerts: false, browserName: chrome, browserVersion: 107.0.5304.110, chrome: {chromedriverVersion: 107.0.5304.62 (1eec40d3a576..., userDataDir: /tmp/.com.google.Chrome.qfOwYl}, goog:chromeOptions: {debuggerAddress: localhost:34447}, javascriptEnabled: true, networkConnectionEnabled: false, pageLoadStrategy: normal, platform: LINUX, platformName: LINUX, proxy: Proxy(), setWindowRect: true, strictFileInteractability: false, timeouts: {implicit: 0, pageLoad: 300000, script: 30000}, unhandledPromptBehavior: dismiss and notify, webauthn:extension:credBlob: true, webauthn:extension:largeBlob: true, webauthn:virtualAuthenticators: true}
Session ID: d057908a34ce3810982fe12d58893761
	at org.openqa.selenium.support.ui.WebDriverWait.timeoutException(WebDriverWait.java:95)
	at org.openqa.selenium.support.ui.FluentWait.until(FluentWait.java:272)
	at Pages.Dashboard.getToolTipLinksData(Dashboard.java:98)
	at StepDefinitions.DashboardSteps.the_system_appear_first_tool_tip_link(DashboardSteps.java:120)
	at ✽.The system appear First tool tip link "Download Client and Support"(file:///home/safia/eclipse-workspace/ACMESystem/src/test/java/Features/Dashboard.feature:27)
&amp#27;[0m
  &amp#27;[36mAnd &amp#27;[0m&amp#27;[36mThe system appear First tool tip link &amp#27;[0m&amp#27;[36m&amp#27;[1m"Reset test data"&amp#27;[0m                                      &amp#27;[90m# StepDefinitions.DashboardSteps.the_system_appear_first_tool_tip_link(java.lang.String)&amp#27;[0m
  &amp#27;[36mAnd &amp#27;[0m&amp#27;[36mThe system appear First tool tip link &amp#27;[0m&amp#27;[36m&amp#27;[1m"Change password"&amp#27;[0m                                      &amp#27;[90m# StepDefinitions.DashboardSteps.the_system_appear_first_tool_tip_link(java.lang.String)&amp#27;[0m
  &amp#27;[36mAnd &amp#27;[0m&amp#27;[36mThe system appear First tool tip link &amp#27;[0m&amp#27;[36m&amp#27;[1m"Check training assignments"&amp#27;[0m                           &amp#27;[90m# StepDefinitions.DashboardSteps.the_system_appear_first_tool_tip_link(java.lang.String)&amp#27;[0m
  &amp#27;[36mAnd &amp#27;[0m&amp#27;[36mThe system appear First tool tip link &amp#27;[0m&amp#27;[36m&amp#27;[1m""&amp#27;[0m                                                     &amp#27;[90m# StepDefinitions.DashboardSteps.the_system_appear_first_tool_tip_link(java.lang.String)&amp#27;[0m
  &amp#27;[36mAnd &amp#27;[0m&amp#27;[36mThe system appear First tool tip link &amp#27;[0m&amp#27;[36m&amp#27;[1m""&amp#27;[0m                                                     &amp#27;[90m# StepDefinitions.DashboardSteps.the_system_appear_first_tool_tip_link(java.lang.String)&amp#27;[0m
  &amp#27;[36mAnd &amp#27;[0m&amp#27;[36mThe system appear First tool tip link &amp#27;[0m&amp#27;[36m&amp#27;[1m""&amp#27;[0m                                                     &amp#27;[90m# StepDefinitions.DashboardSteps.the_system_appear_first_tool_tip_link(java.lang.String)&amp#27;[0m
  &amp#27;[36mAnd &amp#27;[0m&amp#27;[36mThe system appear First tool tip link &amp#27;[0m&amp#27;[36m&amp#27;[1m""&amp#27;[0m                                                     &amp#27;[90m# StepDefinitions.DashboardSteps.the_system_appear_first_tool_tip_link(java.lang.String)&amp#27;[0m
  &amp#27;[36mAnd &amp#27;[0m&amp#27;[36mThe system appear First tool tip link &amp#27;[0m&amp#27;[36m&amp#27;[1m""&amp#27;[0m                                                     &amp#27;[90m# StepDefinitions.DashboardSteps.the_system_appear_first_tool_tip_link(java.lang.String)&amp#27;[0m

    Embedding  [image/png 77291 bytes]

]]></system-out>
    <system-err><![CDATA[SLF4J: Failed to load class "org.slf4j.impl.StaticLoggerBinder".
SLF4J: Defaulting to no-operation (NOP) logger implementation
SLF4J: See http://www.slf4j.org/codes.html#StaticLoggerBinder for further details.
Starting ChromeDriver 107.0.5304.62 (1eec40d3a5764881c92085aaee66d25075c159aa-refs/branch-heads/5304@{#942}) on port 26440
Only local connections are allowed.
Please see https://chromedriver.chromium.org/security-considerations for suggestions on keeping ChromeDriver safe.
ChromeDriver was started successfully.
Dec 11, 2022 9:18:27 AM org.openqa.selenium.remote.ProtocolHandshake createSession
INFO: Detected dialect: W3C
]]></system-err>
  </testcase>
  <testcase name="Check the buttons text and tool tip #2" classname="Runner.Test" time="93.271">
    <error message="Expected condition failed: waiting for element to be clickable: [[ChromeDriver: chrome on LINUX (da57bb516b7987b662ccf3581cc9438f)] -&gt; xpath: //*[@class=&apos;dropdown-menu dropdown-content rightMenu&apos;]//li//a] (tried for 60 second(s) with 500 milliseconds interval)&#10;Build info: version: &apos;3.141.59&apos;, revision: &apos;e82be7d358&apos;, time: &apos;2018-11-14T08:17:03&apos;&#10;System info: host: &apos;safia-HP-Laptop-15-dw3xxx&apos;, ip: &apos;127.0.1.1&apos;, os.name: &apos;Linux&apos;, os.arch: &apos;amd64&apos;, os.version: &apos;5.15.0-46-generic&apos;, java.version: &apos;11.0.16&apos;&#10;Driver info: org.openqa.selenium.chrome.ChromeDriver&#10;Capabilities {acceptInsecureCerts: false, browserName: chrome, browserVersion: 107.0.5304.110, chrome: {chromedriverVersion: 107.0.5304.62 (1eec40d3a576..., userDataDir: /tmp/.com.google.Chrome.f0zAYm}, goog:chromeOptions: {debuggerAddress: localhost:42707}, javascriptEnabled: true, networkConnectionEnabled: false, pageLoadStrategy: normal, platform: LINUX, platformName: LINUX, proxy: Proxy(), setWindowRect: true, strictFileInteractability: false, timeouts: {implicit: 0, pageLoad: 300000, script: 30000}, unhandledPromptBehavior: dismiss and notify, webauthn:extension:credBlob: true, webauthn:extension:largeBlob: true, webauthn:virtualAuthenticators: true}&#10;Session ID: da57bb516b7987b662ccf3581cc9438f" type="org.openqa.selenium.TimeoutException">org.openqa.selenium.TimeoutException: 
Expected condition failed: waiting for element to be clickable: [[ChromeDriver: chrome on LINUX (da57bb516b7987b662ccf3581cc9438f)] -> xpath: //*[@class='dropdown-menu dropdown-content rightMenu']//li//a] (tried for 60 second(s) with 500 milliseconds interval)
Build info: version: '3.141.59', revision: 'e82be7d358', time: '2018-11-14T08:17:03'
System info: host: 'safia-HP-Laptop-15-dw3xxx', ip: '127.0.1.1', os.name: 'Linux', os.arch: 'amd64', os.version: '5.15.0-46-generic', java.version: '11.0.16'
Driver info: org.openqa.selenium.chrome.ChromeDriver
Capabilities {acceptInsecureCerts: false, browserName: chrome, browserVersion: 107.0.5304.110, chrome: {chromedriverVersion: 107.0.5304.62 (1eec40d3a576..., userDataDir: /tmp/.com.google.Chrome.f0zAYm}, goog:chromeOptions: {debuggerAddress: localhost:42707}, javascriptEnabled: true, networkConnectionEnabled: false, pageLoadStrategy: normal, platform: LINUX, platformName: LINUX, proxy: Proxy(), setWindowRect: true, strictFileInteractability: false, timeouts: {implicit: 0, pageLoad: 300000, script: 30000}, unhandledPromptBehavior: dismiss and notify, webauthn:extension:credBlob: true, webauthn:extension:largeBlob: true, webauthn:virtualAuthenticators: true}
Session ID: da57bb516b7987b662ccf3581cc9438f
</error>
    <system-out><![CDATA[
@current-implementation @important
Scenario Outline: Check the buttons text and tool tip                                              &amp#27;[90m# src/test/java/Features/Dashboard.feature:40&amp#27;[0m
  &amp#27;[32mGiven &amp#27;[0m&amp#27;[32mThe user open the login page&amp#27;[0m                                                               &amp#27;[90m# StepDefinitions.LoginSteps.the_user_open_the_login_page()&amp#27;[0m
  &amp#27;[32mWhen &amp#27;[0m&amp#27;[32mThe user enter a valid username &amp#27;[0m&amp#27;[32m&amp#27;[1m"s.mahallel99@gmail.com"&amp#27;[0m                                    &amp#27;[90m# StepDefinitions.LoginSteps.the_user_enter_a_valid_username(java.lang.String)&amp#27;[0m
  &amp#27;[32mAnd &amp#27;[0m&amp#27;[32mThe user enter a valid password &amp#27;[0m&amp#27;[32m&amp#27;[1m"123456789a"&amp#27;[0m                                                 &amp#27;[90m# StepDefinitions.LoginSteps.the_user_enter_a_valid_password(java.lang.String)&amp#27;[0m
  &amp#27;[32mAnd &amp#27;[0m&amp#27;[32mThe user check the remeber me check box&amp#27;[0m                                                      &amp#27;[90m# StepDefinitions.LoginSteps.the_user_check_the_remeber_me_check_box()&amp#27;[0m
  &amp#27;[32mAnd &amp#27;[0m&amp#27;[32mThe user click on submit button&amp#27;[0m                                                              &amp#27;[90m# StepDefinitions.LoginSteps.the_user_click_on_submit_button()&amp#27;[0m
  &amp#27;[32mThen &amp#27;[0m&amp#27;[32mThe system should redirect to the dashboard page with the title &amp#27;[0m&amp#27;[32m&amp#27;[1m"ACME System 1 - Dashboard"&amp#27;[0m &amp#27;[90m# StepDefinitions.LoginSteps.the_system_should_redirect_to_the_dashboard_page_with_the_title(java.lang.String)&amp#27;[0m
  &amp#27;[32mThen &amp#27;[0m&amp#27;[32mThe system appear the button text &amp#27;[0m&amp#27;[32m&amp#27;[1m"Work Items"&amp#27;[0m                                              &amp#27;[90m# StepDefinitions.DashboardSteps.the_system_appear_the_button_text(java.lang.String)&amp#27;[0m
***************
+++++++++++Download Client and Support
+++++++++++Reset test data
+++++++++++Change password
+++++++++++Check training assignments
+++++++++++Add account modification
+++++++++++View account history
+++++++++++Search for Check
+++++++++++Submit Check Copy
+++++++++++Search for Vendor
+++++++++++Add Vendor
+++++++++++Download Resource Report
+++++++++++Resource Order
+++++++++++Download Vendor List
+++++++++++Vendor Inventory
+++++++++++Upload Order
+++++++++++Vendors Stock
+++++++++++Create Order
+++++++++++Search for Invoice
+++++++++++Add Invoice Details
+++++++++++Delete Invoice
+++++++++++Download Monthly Invoices
+++++++++++Download Full Invoice Report
+++++++++++Download Monthly Report
+++++++++++Upload Yearly Report
+++++++++++Download Enrollment Report
+++++++++++Download Result Report
+++++++++++Score Card
+++++++++++Download Daily Appointment
+++++++++++Download Treatment Report
+++++++++++National Insurance Planning
+++++++++++Add Account
>>>>>>>>>>>>>>0
  &amp#27;[32mAnd &amp#27;[0m&amp#27;[32mThe system appear First tool tip link &amp#27;[0m&amp#27;[32m&amp#27;[1m""&amp#27;[0m                                                     &amp#27;[90m# StepDefinitions.DashboardSteps.the_system_appear_first_tool_tip_link(java.lang.String)&amp#27;[0m
***************
+++++++++++Download Client and Support
+++++++++++Reset test data
+++++++++++Change password
+++++++++++Check training assignments
+++++++++++Add account modification
+++++++++++View account history
+++++++++++Search for Check
+++++++++++Submit Check Copy
+++++++++++Search for Vendor
+++++++++++Add Vendor
+++++++++++Download Resource Report
+++++++++++Resource Order
+++++++++++Download Vendor List
+++++++++++Vendor Inventory
+++++++++++Upload Order
+++++++++++Vendors Stock
+++++++++++Create Order
+++++++++++Search for Invoice
+++++++++++Add Invoice Details
+++++++++++Delete Invoice
+++++++++++Download Monthly Invoices
+++++++++++Download Full Invoice Report
+++++++++++Download Monthly Report
+++++++++++Upload Yearly Report
+++++++++++Download Enrollment Report
+++++++++++Download Result Report
+++++++++++Score Card
+++++++++++Download Daily Appointment
+++++++++++Download Treatment Report
+++++++++++National Insurance Planning
+++++++++++Add Account
>>>>>>>>>>>>>>0
  &amp#27;[32mAnd &amp#27;[0m&amp#27;[32mThe system appear First tool tip link &amp#27;[0m&amp#27;[32m&amp#27;[1m""&amp#27;[0m                                                     &amp#27;[90m# StepDefinitions.DashboardSteps.the_system_appear_first_tool_tip_link(java.lang.String)&amp#27;[0m
***************
+++++++++++Download Client and Support
+++++++++++Reset test data
+++++++++++Change password
+++++++++++Check training assignments
+++++++++++Add account modification
+++++++++++View account history
+++++++++++Search for Check
+++++++++++Submit Check Copy
+++++++++++Search for Vendor
+++++++++++Add Vendor
+++++++++++Download Resource Report
+++++++++++Resource Order
+++++++++++Download Vendor List
+++++++++++Vendor Inventory
+++++++++++Upload Order
+++++++++++Vendors Stock
+++++++++++Create Order
+++++++++++Search for Invoice
+++++++++++Add Invoice Details
+++++++++++Delete Invoice
+++++++++++Download Monthly Invoices
+++++++++++Download Full Invoice Report
+++++++++++Download Monthly Report
+++++++++++Upload Yearly Report
  &amp#27;[31mAnd &amp#27;[0m&amp#27;[31mThe system appear First tool tip link &amp#27;[0m&amp#27;[31m&amp#27;[1m""&amp#27;[0m                                                     &amp#27;[90m# StepDefinitions.DashboardSteps.the_system_appear_first_tool_tip_link(java.lang.String)&amp#27;[0m
      &amp#27;[31morg.openqa.selenium.TimeoutException: Expected condition failed: waiting for element to be clickable: [[ChromeDriver: chrome on LINUX (da57bb516b7987b662ccf3581cc9438f)] -> xpath: //*[@class='dropdown-menu dropdown-content rightMenu']//li//a] (tried for 60 second(s) with 500 milliseconds interval)
Build info: version: '3.141.59', revision: 'e82be7d358', time: '2018-11-14T08:17:03'
System info: host: 'safia-HP-Laptop-15-dw3xxx', ip: '127.0.1.1', os.name: 'Linux', os.arch: 'amd64', os.version: '5.15.0-46-generic', java.version: '11.0.16'
Driver info: org.openqa.selenium.chrome.ChromeDriver
Capabilities {acceptInsecureCerts: false, browserName: chrome, browserVersion: 107.0.5304.110, chrome: {chromedriverVersion: 107.0.5304.62 (1eec40d3a576..., userDataDir: /tmp/.com.google.Chrome.f0zAYm}, goog:chromeOptions: {debuggerAddress: localhost:42707}, javascriptEnabled: true, networkConnectionEnabled: false, pageLoadStrategy: normal, platform: LINUX, platformName: LINUX, proxy: Proxy(), setWindowRect: true, strictFileInteractability: false, timeouts: {implicit: 0, pageLoad: 300000, script: 30000}, unhandledPromptBehavior: dismiss and notify, webauthn:extension:credBlob: true, webauthn:extension:largeBlob: true, webauthn:virtualAuthenticators: true}
Session ID: da57bb516b7987b662ccf3581cc9438f
	at org.openqa.selenium.support.ui.WebDriverWait.timeoutException(WebDriverWait.java:95)
	at org.openqa.selenium.support.ui.FluentWait.until(FluentWait.java:272)
	at Pages.Dashboard.getToolTipLinksData(Dashboard.java:98)
	at StepDefinitions.DashboardSteps.the_system_appear_first_tool_tip_link(DashboardSteps.java:113)
	at ✽.The system appear First tool tip link ""(file:///home/safia/eclipse-workspace/ACMESystem/src/test/java/Features/Dashboard.feature:29)
&amp#27;[0m
  &amp#27;[36mAnd &amp#27;[0m&amp#27;[36mThe system appear First tool tip link &amp#27;[0m&amp#27;[36m&amp#27;[1m""&amp#27;[0m                                                     &amp#27;[90m# StepDefinitions.DashboardSteps.the_system_appear_first_tool_tip_link(java.lang.String)&amp#27;[0m
  &amp#27;[36mAnd &amp#27;[0m&amp#27;[36mThe system appear First tool tip link &amp#27;[0m&amp#27;[36m&amp#27;[1m""&amp#27;[0m                                                     &amp#27;[90m# StepDefinitions.DashboardSteps.the_system_appear_first_tool_tip_link(java.lang.String)&amp#27;[0m
  &amp#27;[36mAnd &amp#27;[0m&amp#27;[36mThe system appear First tool tip link &amp#27;[0m&amp#27;[36m&amp#27;[1m""&amp#27;[0m                                                     &amp#27;[90m# StepDefinitions.DashboardSteps.the_system_appear_first_tool_tip_link(java.lang.String)&amp#27;[0m
  &amp#27;[36mAnd &amp#27;[0m&amp#27;[36mThe system appear First tool tip link &amp#27;[0m&amp#27;[36m&amp#27;[1m""&amp#27;[0m                                                     &amp#27;[90m# StepDefinitions.DashboardSteps.the_system_appear_first_tool_tip_link(java.lang.String)&amp#27;[0m
  &amp#27;[36mAnd &amp#27;[0m&amp#27;[36mThe system appear First tool tip link &amp#27;[0m&amp#27;[36m&amp#27;[1m""&amp#27;[0m                                                     &amp#27;[90m# StepDefinitions.DashboardSteps.the_system_appear_first_tool_tip_link(java.lang.String)&amp#27;[0m
  &amp#27;[36mAnd &amp#27;[0m&amp#27;[36mThe system appear First tool tip link &amp#27;[0m&amp#27;[36m&amp#27;[1m""&amp#27;[0m                                                     &amp#27;[90m# StepDefinitions.DashboardSteps.the_system_appear_first_tool_tip_link(java.lang.String)&amp#27;[0m

    Embedding  [image/png 77314 bytes]

]]></system-out>
    <system-err><![CDATA[Starting ChromeDriver 107.0.5304.62 (1eec40d3a5764881c92085aaee66d25075c159aa-refs/branch-heads/5304@{#942}) on port 3724
Only local connections are allowed.
Please see https://chromedriver.chromium.org/security-considerations for suggestions on keeping ChromeDriver safe.
ChromeDriver was started successfully.
Dec 11, 2022 9:19:51 AM org.openqa.selenium.remote.ProtocolHandshake createSession
INFO: Detected dialect: W3C
]]></system-err>
  </testcase>
  <testcase name="Check the buttons text and tool tip #3" classname="Runner.Test" time="86.432">
    <error message="Expected condition failed: waiting for element to be clickable: [[ChromeDriver: chrome on LINUX (56229bd24a8f7d428a7122149127dde8)] -&gt; xpath: //*[@class=&apos;dropdown-menu dropdown-content rightMenu&apos;]//li//a] (tried for 60 second(s) with 500 milliseconds interval)&#10;Build info: version: &apos;3.141.59&apos;, revision: &apos;e82be7d358&apos;, time: &apos;2018-11-14T08:17:03&apos;&#10;System info: host: &apos;safia-HP-Laptop-15-dw3xxx&apos;, ip: &apos;127.0.1.1&apos;, os.name: &apos;Linux&apos;, os.arch: &apos;amd64&apos;, os.version: &apos;5.15.0-46-generic&apos;, java.version: &apos;11.0.16&apos;&#10;Driver info: org.openqa.selenium.chrome.ChromeDriver&#10;Capabilities {acceptInsecureCerts: false, browserName: chrome, browserVersion: 107.0.5304.110, chrome: {chromedriverVersion: 107.0.5304.62 (1eec40d3a576..., userDataDir: /tmp/.com.google.Chrome.MBCbua}, goog:chromeOptions: {debuggerAddress: localhost:43735}, javascriptEnabled: true, networkConnectionEnabled: false, pageLoadStrategy: normal, platform: LINUX, platformName: LINUX, proxy: Proxy(), setWindowRect: true, strictFileInteractability: false, timeouts: {implicit: 0, pageLoad: 300000, script: 30000}, unhandledPromptBehavior: dismiss and notify, webauthn:extension:credBlob: true, webauthn:extension:largeBlob: true, webauthn:virtualAuthenticators: true}&#10;Session ID: 56229bd24a8f7d428a7122149127dde8" type="org.openqa.selenium.TimeoutException">org.openqa.selenium.TimeoutException: 
Expected condition failed: waiting for element to be clickable: [[ChromeDriver: chrome on LINUX (56229bd24a8f7d428a7122149127dde8)] -> xpath: //*[@class='dropdown-menu dropdown-content rightMenu']//li//a] (tried for 60 second(s) with 500 milliseconds interval)
Build info: version: '3.141.59', revision: 'e82be7d358', time: '2018-11-14T08:17:03'
System info: host: 'safia-HP-Laptop-15-dw3xxx', ip: '127.0.1.1', os.name: 'Linux', os.arch: 'amd64', os.version: '5.15.0-46-generic', java.version: '11.0.16'
Driver info: org.openqa.selenium.chrome.ChromeDriver
Capabilities {acceptInsecureCerts: false, browserName: chrome, browserVersion: 107.0.5304.110, chrome: {chromedriverVersion: 107.0.5304.62 (1eec40d3a576..., userDataDir: /tmp/.com.google.Chrome.MBCbua}, goog:chromeOptions: {debuggerAddress: localhost:43735}, javascriptEnabled: true, networkConnectionEnabled: false, pageLoadStrategy: normal, platform: LINUX, platformName: LINUX, proxy: Proxy(), setWindowRect: true, strictFileInteractability: false, timeouts: {implicit: 0, pageLoad: 300000, script: 30000}, unhandledPromptBehavior: dismiss and notify, webauthn:extension:credBlob: true, webauthn:extension:largeBlob: true, webauthn:virtualAuthenticators: true}
Session ID: 56229bd24a8f7d428a7122149127dde8
</error>
    <system-out><![CDATA[
@current-implementation @important
Scenario Outline: Check the buttons text and tool tip                                              &amp#27;[90m# src/test/java/Features/Dashboard.feature:41&amp#27;[0m
  &amp#27;[32mGiven &amp#27;[0m&amp#27;[32mThe user open the login page&amp#27;[0m                                                               &amp#27;[90m# StepDefinitions.LoginSteps.the_user_open_the_login_page()&amp#27;[0m
  &amp#27;[32mWhen &amp#27;[0m&amp#27;[32mThe user enter a valid username &amp#27;[0m&amp#27;[32m&amp#27;[1m"s.mahallel99@gmail.com"&amp#27;[0m                                    &amp#27;[90m# StepDefinitions.LoginSteps.the_user_enter_a_valid_username(java.lang.String)&amp#27;[0m
  &amp#27;[32mAnd &amp#27;[0m&amp#27;[32mThe user enter a valid password &amp#27;[0m&amp#27;[32m&amp#27;[1m"123456789a"&amp#27;[0m                                                 &amp#27;[90m# StepDefinitions.LoginSteps.the_user_enter_a_valid_password(java.lang.String)&amp#27;[0m
  &amp#27;[32mAnd &amp#27;[0m&amp#27;[32mThe user check the remeber me check box&amp#27;[0m                                                      &amp#27;[90m# StepDefinitions.LoginSteps.the_user_check_the_remeber_me_check_box()&amp#27;[0m
  &amp#27;[32mAnd &amp#27;[0m&amp#27;[32mThe user click on submit button&amp#27;[0m                                                              &amp#27;[90m# StepDefinitions.LoginSteps.the_user_click_on_submit_button()&amp#27;[0m
  &amp#27;[32mThen &amp#27;[0m&amp#27;[32mThe system should redirect to the dashboard page with the title &amp#27;[0m&amp#27;[32m&amp#27;[1m"ACME System 1 - Dashboard"&amp#27;[0m &amp#27;[90m# StepDefinitions.LoginSteps.the_system_should_redirect_to_the_dashboard_page_with_the_title(java.lang.String)&amp#27;[0m
  &amp#27;[32mThen &amp#27;[0m&amp#27;[32mThe system appear the button text &amp#27;[0m&amp#27;[32m&amp#27;[1m"Accounts"&amp#27;[0m                                                &amp#27;[90m# StepDefinitions.DashboardSteps.the_system_appear_the_button_text(java.lang.String)&amp#27;[0m
***************Add account modification
+++++++++++Download Client and Support
+++++++++++Reset test data
+++++++++++Change password
+++++++++++Check training assignments
+++++++++++Add account modification
+++++++++++View account history
+++++++++++Search for Check
+++++++++++Submit Check Copy
+++++++++++Search for Vendor
+++++++++++Add Vendor
+++++++++++Download Resource Report
+++++++++++Resource Order
+++++++++++Download Vendor List
+++++++++++Vendor Inventory
+++++++++++Upload Order
+++++++++++Vendors Stock
+++++++++++Create Order
+++++++++++Search for Invoice
+++++++++++Add Invoice Details
+++++++++++Delete Invoice
+++++++++++Download Monthly Invoices
+++++++++++Download Full Invoice Report
+++++++++++Download Monthly Report
+++++++++++Upload Yearly Report
+++++++++++Download Enrollment Report
+++++++++++Download Result Report
+++++++++++Score Card
+++++++++++Download Daily Appointment
+++++++++++Download Treatment Report
+++++++++++National Insurance Planning
+++++++++++Add Account
>>>>>>>>>>>>>>0
  &amp#27;[32mAnd &amp#27;[0m&amp#27;[32mThe system appear First tool tip link &amp#27;[0m&amp#27;[32m&amp#27;[1m"Add account modification"&amp#27;[0m                             &amp#27;[90m# StepDefinitions.DashboardSteps.the_system_appear_first_tool_tip_link(java.lang.String)&amp#27;[0m
***************View account history
+++++++++++Download Client and Support
+++++++++++Reset test data
+++++++++++Change password
+++++++++++Check training assignments
+++++++++++Add account modification
+++++++++++View account history
+++++++++++
  &amp#27;[31mAnd &amp#27;[0m&amp#27;[31mThe system appear First tool tip link &amp#27;[0m&amp#27;[31m&amp#27;[1m"View account history"&amp#27;[0m                                 &amp#27;[90m# StepDefinitions.DashboardSteps.the_system_appear_first_tool_tip_link(java.lang.String)&amp#27;[0m
      &amp#27;[31morg.openqa.selenium.TimeoutException: Expected condition failed: waiting for element to be clickable: [[ChromeDriver: chrome on LINUX (56229bd24a8f7d428a7122149127dde8)] -> xpath: //*[@class='dropdown-menu dropdown-content rightMenu']//li//a] (tried for 60 second(s) with 500 milliseconds interval)
Build info: version: '3.141.59', revision: 'e82be7d358', time: '2018-11-14T08:17:03'
System info: host: 'safia-HP-Laptop-15-dw3xxx', ip: '127.0.1.1', os.name: 'Linux', os.arch: 'amd64', os.version: '5.15.0-46-generic', java.version: '11.0.16'
Driver info: org.openqa.selenium.chrome.ChromeDriver
Capabilities {acceptInsecureCerts: false, browserName: chrome, browserVersion: 107.0.5304.110, chrome: {chromedriverVersion: 107.0.5304.62 (1eec40d3a576..., userDataDir: /tmp/.com.google.Chrome.MBCbua}, goog:chromeOptions: {debuggerAddress: localhost:43735}, javascriptEnabled: true, networkConnectionEnabled: false, pageLoadStrategy: normal, platform: LINUX, platformName: LINUX, proxy: Proxy(), setWindowRect: true, strictFileInteractability: false, timeouts: {implicit: 0, pageLoad: 300000, script: 30000}, unhandledPromptBehavior: dismiss and notify, webauthn:extension:credBlob: true, webauthn:extension:largeBlob: true, webauthn:virtualAuthenticators: true}
Session ID: 56229bd24a8f7d428a7122149127dde8
	at org.openqa.selenium.support.ui.WebDriverWait.timeoutException(WebDriverWait.java:95)
	at org.openqa.selenium.support.ui.FluentWait.until(FluentWait.java:272)
	at Pages.Dashboard.getToolTipLinksData(Dashboard.java:98)
	at StepDefinitions.DashboardSteps.the_system_appear_first_tool_tip_link(DashboardSteps.java:81)
	at ✽.The system appear First tool tip link "View account history"(file:///home/safia/eclipse-workspace/ACMESystem/src/test/java/Features/Dashboard.feature:28)
&amp#27;[0m
  &amp#27;[36mAnd &amp#27;[0m&amp#27;[36mThe system appear First tool tip link &amp#27;[0m&amp#27;[36m&amp#27;[1m""&amp#27;[0m                                                     &amp#27;[90m# StepDefinitions.DashboardSteps.the_system_appear_first_tool_tip_link(java.lang.String)&amp#27;[0m
  &amp#27;[36mAnd &amp#27;[0m&amp#27;[36mThe system appear First tool tip link &amp#27;[0m&amp#27;[36m&amp#27;[1m""&amp#27;[0m                                                     &amp#27;[90m# StepDefinitions.DashboardSteps.the_system_appear_first_tool_tip_link(java.lang.String)&amp#27;[0m
  &amp#27;[36mAnd &amp#27;[0m&amp#27;[36mThe system appear First tool tip link &amp#27;[0m&amp#27;[36m&amp#27;[1m""&amp#27;[0m                                                     &amp#27;[90m# StepDefinitions.DashboardSteps.the_system_appear_first_tool_tip_link(java.lang.String)&amp#27;[0m
  &amp#27;[36mAnd &amp#27;[0m&amp#27;[36mThe system appear First tool tip link &amp#27;[0m&amp#27;[36m&amp#27;[1m""&amp#27;[0m                                                     &amp#27;[90m# StepDefinitions.DashboardSteps.the_system_appear_first_tool_tip_link(java.lang.String)&amp#27;[0m
  &amp#27;[36mAnd &amp#27;[0m&amp#27;[36mThe system appear First tool tip link &amp#27;[0m&amp#27;[36m&amp#27;[1m""&amp#27;[0m                                                     &amp#27;[90m# StepDefinitions.DashboardSteps.the_system_appear_first_tool_tip_link(java.lang.String)&amp#27;[0m
  &amp#27;[36mAnd &amp#27;[0m&amp#27;[36mThe system appear First tool tip link &amp#27;[0m&amp#27;[36m&amp#27;[1m""&amp#27;[0m                                                     &amp#27;[90m# StepDefinitions.DashboardSteps.the_system_appear_first_tool_tip_link(java.lang.String)&amp#27;[0m
  &amp#27;[36mAnd &amp#27;[0m&amp#27;[36mThe system appear First tool tip link &amp#27;[0m&amp#27;[36m&amp#27;[1m""&amp#27;[0m                                                     &amp#27;[90m# StepDefinitions.DashboardSteps.the_system_appear_first_tool_tip_link(java.lang.String)&amp#27;[0m

    Embedding  [image/png 77314 bytes]

]]></system-out>
    <system-err><![CDATA[Starting ChromeDriver 107.0.5304.62 (1eec40d3a5764881c92085aaee66d25075c159aa-refs/branch-heads/5304@{#942}) on port 22477
Only local connections are allowed.
Please see https://chromedriver.chromium.org/security-considerations for suggestions on keeping ChromeDriver safe.
ChromeDriver was started successfully.
Dec 11, 2022 9:21:24 AM org.openqa.selenium.remote.ProtocolHandshake createSession
INFO: Detected dialect: W3C
]]></system-err>
  </testcase>
  <testcase name="Check the buttons text and tool tip #4" classname="Runner.Test" time="68.128"/>
  <testcase name="Check the buttons text and tool tip #5" classname="Runner.Test" time="61.09"/>
  <testcase name="Check the buttons text and tool tip #6" classname="Runner.Test" time="90.608">
    <error message="Expected condition failed: waiting for element to be clickable: [[ChromeDriver: chrome on LINUX (0353dfebd63091694df707b9165097ba)] -&gt; xpath: //*[@class=&apos;dropdown-menu dropdown-content rightMenu&apos;]//li//a] (tried for 60 second(s) with 500 milliseconds interval)&#10;Build info: version: &apos;3.141.59&apos;, revision: &apos;e82be7d358&apos;, time: &apos;2018-11-14T08:17:03&apos;&#10;System info: host: &apos;safia-HP-Laptop-15-dw3xxx&apos;, ip: &apos;127.0.1.1&apos;, os.name: &apos;Linux&apos;, os.arch: &apos;amd64&apos;, os.version: &apos;5.15.0-46-generic&apos;, java.version: &apos;11.0.16&apos;&#10;Driver info: org.openqa.selenium.chrome.ChromeDriver&#10;Capabilities {acceptInsecureCerts: false, browserName: chrome, browserVersion: 107.0.5304.110, chrome: {chromedriverVersion: 107.0.5304.62 (1eec40d3a576..., userDataDir: /tmp/.com.google.Chrome.Nkiq75}, goog:chromeOptions: {debuggerAddress: localhost:36897}, javascriptEnabled: true, networkConnectionEnabled: false, pageLoadStrategy: normal, platform: LINUX, platformName: LINUX, proxy: Proxy(), setWindowRect: true, strictFileInteractability: false, timeouts: {implicit: 0, pageLoad: 300000, script: 30000}, unhandledPromptBehavior: dismiss and notify, webauthn:extension:credBlob: true, webauthn:extension:largeBlob: true, webauthn:virtualAuthenticators: true}&#10;Session ID: 0353dfebd63091694df707b9165097ba" type="org.openqa.selenium.TimeoutException">org.openqa.selenium.TimeoutException: 
Expected condition failed: waiting for element to be clickable: [[ChromeDriver: chrome on LINUX (0353dfebd63091694df707b9165097ba)] -> xpath: //*[@class='dropdown-menu dropdown-content rightMenu']//li//a] (tried for 60 second(s) with 500 milliseconds interval)
Build info: version: '3.141.59', revision: 'e82be7d358', time: '2018-11-14T08:17:03'
System info: host: 'safia-HP-Laptop-15-dw3xxx', ip: '127.0.1.1', os.name: 'Linux', os.arch: 'amd64', os.version: '5.15.0-46-generic', java.version: '11.0.16'
Driver info: org.openqa.selenium.chrome.ChromeDriver
Capabilities {acceptInsecureCerts: false, browserName: chrome, browserVersion: 107.0.5304.110, chrome: {chromedriverVersion: 107.0.5304.62 (1eec40d3a576..., userDataDir: /tmp/.com.google.Chrome.Nkiq75}, goog:chromeOptions: {debuggerAddress: localhost:36897}, javascriptEnabled: true, networkConnectionEnabled: false, pageLoadStrategy: normal, platform: LINUX, platformName: LINUX, proxy: Proxy(), setWindowRect: true, strictFileInteractability: false, timeouts: {implicit: 0, pageLoad: 300000, script: 30000}, unhandledPromptBehavior: dismiss and notify, webauthn:extension:credBlob: true, webauthn:extension:largeBlob: true, webauthn:virtualAuthenticators: true}
Session ID: 0353dfebd63091694df707b9165097ba
</error>
    <system-out><![CDATA[
@current-implementation @important
Scenario Outline: Check the buttons text and tool tip                                              &amp#27;[90m# src/test/java/Features/Dashboard.feature:44&amp#27;[0m
  &amp#27;[32mGiven &amp#27;[0m&amp#27;[32mThe user open the login page&amp#27;[0m                                                               &amp#27;[90m# StepDefinitions.LoginSteps.the_user_open_the_login_page()&amp#27;[0m
  &amp#27;[32mWhen &amp#27;[0m&amp#27;[32mThe user enter a valid username &amp#27;[0m&amp#27;[32m&amp#27;[1m"s.mahallel99@gmail.com"&amp#27;[0m                                    &amp#27;[90m# StepDefinitions.LoginSteps.the_user_enter_a_valid_username(java.lang.String)&amp#27;[0m
  &amp#27;[32mAnd &amp#27;[0m&amp#27;[32mThe user enter a valid password &amp#27;[0m&amp#27;[32m&amp#27;[1m"123456789a"&amp#27;[0m                                                 &amp#27;[90m# StepDefinitions.LoginSteps.the_user_enter_a_valid_password(java.lang.String)&amp#27;[0m
  &amp#27;[32mAnd &amp#27;[0m&amp#27;[32mThe user check the remeber me check box&amp#27;[0m                                                      &amp#27;[90m# StepDefinitions.LoginSteps.the_user_check_the_remeber_me_check_box()&amp#27;[0m
  &amp#27;[32mAnd &amp#27;[0m&amp#27;[32mThe user click on submit button&amp#27;[0m                                                              &amp#27;[90m# StepDefinitions.LoginSteps.the_user_click_on_submit_button()&amp#27;[0m
  &amp#27;[32mThen &amp#27;[0m&amp#27;[32mThe system should redirect to the dashboard page with the title &amp#27;[0m&amp#27;[32m&amp#27;[1m"ACME System 1 - Dashboard"&amp#27;[0m &amp#27;[90m# StepDefinitions.LoginSteps.the_system_should_redirect_to_the_dashboard_page_with_the_title(java.lang.String)&amp#27;[0m
  &amp#27;[32mThen &amp#27;[0m&amp#27;[32mThe system appear the button text &amp#27;[0m&amp#27;[32m&amp#27;[1m"Invoices"&amp#27;[0m                                                &amp#27;[90m# StepDefinitions.DashboardSteps.the_system_appear_the_button_text(java.lang.String)&amp#27;[0m
***************Search for Invoice
+++++++++++Download Client and Support
+++++++++++Reset test data
+++++++++++Change password
+++++++++++Check training assignments
+++++++++++Add account modification
+++++++++++View account history
+++++++++++Search for Check
+++++++++++Submit Check Copy
+++++++++++Search for Vendor
+++++++++++Add Vendor
+++++++++++Download Resource Report
+++++++++++Resource Order
+++++++++++Download Vendor List
+++++++++++Vendor Inventory
+++++++++++Upload Order
+++++++++++Vendors Stock
+++++++++++Create Order
+++++++++++Search for Invoice
+++++++++++Add Invoice Details
+++++++++++Delete Invoice
+++++++++++Download Monthly Invoices
+++++++++++Download Full Invoice Report
+++++++++++Download Monthly Report
+++++++++++Upload Yearly Report
+++++++++++Download Enrollment Report
+++++++++++Download Result Report
+++++++++++Score Card
+++++++++++Download Daily Appointment
+++++++++++Download Treatment Report
+++++++++++National Insurance Planning
+++++++++++Add Account
>>>>>>>>>>>>>>0
  &amp#27;[32mAnd &amp#27;[0m&amp#27;[32mThe system appear First tool tip link &amp#27;[0m&amp#27;[32m&amp#27;[1m"Search for Invoice"&amp#27;[0m                                   &amp#27;[90m# StepDefinitions.DashboardSteps.the_system_appear_first_tool_tip_link(java.lang.String)&amp#27;[0m
***************Add Invoice Details
+++++++++++Download Client and Support
+++++++++++Reset test data
+++++++++++Change password
+++++++++++Check training assignments
+++++++++++Add account modification
+++++++++++View account history
+++++++++++Search for Check
+++++++++++Submit Check Copy
+++++++++++Search for Vendor
+++++++++++Add Vendor
+++++++++++Download Resource Report
+++++++++++Resource Order
+++++++++++Download Vendor List
+++++++++++Vendor Inventory
+++++++++++Upload Order
+++++++++++
  &amp#27;[31mAnd &amp#27;[0m&amp#27;[31mThe system appear First tool tip link &amp#27;[0m&amp#27;[31m&amp#27;[1m"Add Invoice Details"&amp#27;[0m                                  &amp#27;[90m# StepDefinitions.DashboardSteps.the_system_appear_first_tool_tip_link(java.lang.String)&amp#27;[0m
      &amp#27;[31morg.openqa.selenium.TimeoutException: Expected condition failed: waiting for element to be clickable: [[ChromeDriver: chrome on LINUX (0353dfebd63091694df707b9165097ba)] -> xpath: //*[@class='dropdown-menu dropdown-content rightMenu']//li//a] (tried for 60 second(s) with 500 milliseconds interval)
Build info: version: '3.141.59', revision: 'e82be7d358', time: '2018-11-14T08:17:03'
System info: host: 'safia-HP-Laptop-15-dw3xxx', ip: '127.0.1.1', os.name: 'Linux', os.arch: 'amd64', os.version: '5.15.0-46-generic', java.version: '11.0.16'
Driver info: org.openqa.selenium.chrome.ChromeDriver
Capabilities {acceptInsecureCerts: false, browserName: chrome, browserVersion: 107.0.5304.110, chrome: {chromedriverVersion: 107.0.5304.62 (1eec40d3a576..., userDataDir: /tmp/.com.google.Chrome.Nkiq75}, goog:chromeOptions: {debuggerAddress: localhost:36897}, javascriptEnabled: true, networkConnectionEnabled: false, pageLoadStrategy: normal, platform: LINUX, platformName: LINUX, proxy: Proxy(), setWindowRect: true, strictFileInteractability: false, timeouts: {implicit: 0, pageLoad: 300000, script: 30000}, unhandledPromptBehavior: dismiss and notify, webauthn:extension:credBlob: true, webauthn:extension:largeBlob: true, webauthn:virtualAuthenticators: true}
Session ID: 0353dfebd63091694df707b9165097ba
	at org.openqa.selenium.support.ui.WebDriverWait.timeoutException(WebDriverWait.java:95)
	at org.openqa.selenium.support.ui.FluentWait.until(FluentWait.java:272)
	at Pages.Dashboard.getToolTipLinksData(Dashboard.java:98)
	at StepDefinitions.DashboardSteps.the_system_appear_first_tool_tip_link(DashboardSteps.java:93)
	at ✽.The system appear First tool tip link "Add Invoice Details"(file:///home/safia/eclipse-workspace/ACMESystem/src/test/java/Features/Dashboard.feature:28)
&amp#27;[0m
  &amp#27;[36mAnd &amp#27;[0m&amp#27;[36mThe system appear First tool tip link &amp#27;[0m&amp#27;[36m&amp#27;[1m"Delete Invoice"&amp#27;[0m                                       &amp#27;[90m# StepDefinitions.DashboardSteps.the_system_appear_first_tool_tip_link(java.lang.String)&amp#27;[0m
  &amp#27;[36mAnd &amp#27;[0m&amp#27;[36mThe system appear First tool tip link &amp#27;[0m&amp#27;[36m&amp#27;[1m""&amp#27;[0m                                                     &amp#27;[90m# StepDefinitions.DashboardSteps.the_system_appear_first_tool_tip_link(java.lang.String)&amp#27;[0m
  &amp#27;[36mAnd &amp#27;[0m&amp#27;[36mThe system appear First tool tip link &amp#27;[0m&amp#27;[36m&amp#27;[1m""&amp#27;[0m                                                     &amp#27;[90m# StepDefinitions.DashboardSteps.the_system_appear_first_tool_tip_link(java.lang.String)&amp#27;[0m
  &amp#27;[36mAnd &amp#27;[0m&amp#27;[36mThe system appear First tool tip link &amp#27;[0m&amp#27;[36m&amp#27;[1m""&amp#27;[0m                                                     &amp#27;[90m# StepDefinitions.DashboardSteps.the_system_appear_first_tool_tip_link(java.lang.String)&amp#27;[0m
  &amp#27;[36mAnd &amp#27;[0m&amp#27;[36mThe system appear First tool tip link &amp#27;[0m&amp#27;[36m&amp#27;[1m""&amp#27;[0m                                                     &amp#27;[90m# StepDefinitions.DashboardSteps.the_system_appear_first_tool_tip_link(java.lang.String)&amp#27;[0m
  &amp#27;[36mAnd &amp#27;[0m&amp#27;[36mThe system appear First tool tip link &amp#27;[0m&amp#27;[36m&amp#27;[1m""&amp#27;[0m                                                     &amp#27;[90m# StepDefinitions.DashboardSteps.the_system_appear_first_tool_tip_link(java.lang.String)&amp#27;[0m
  &amp#27;[36mAnd &amp#27;[0m&amp#27;[36mThe system appear First tool tip link &amp#27;[0m&amp#27;[36m&amp#27;[1m""&amp#27;[0m                                                     &amp#27;[90m# StepDefinitions.DashboardSteps.the_system_appear_first_tool_tip_link(java.lang.String)&amp#27;[0m

    Embedding  [image/png 86678 bytes]

]]></system-out>
    <system-err><![CDATA[Starting ChromeDriver 107.0.5304.62 (1eec40d3a5764881c92085aaee66d25075c159aa-refs/branch-heads/5304@{#942}) on port 13826
Only local connections are allowed.
Please see https://chromedriver.chromium.org/security-considerations for suggestions on keeping ChromeDriver safe.
ChromeDriver was started successfully.
Dec 11, 2022 9:25:00 AM org.openqa.selenium.remote.ProtocolHandshake createSession
INFO: Detected dialect: W3C
]]></system-err>
  </testcase>
  <testcase name="Check the buttons text and tool tip #7" classname="Runner.Test" time="62.961"/>
  <testcase name="Check the buttons text and tool tip #8" classname="Runner.Test" time="90.372">
    <error message="Expected condition failed: waiting for element to be clickable: [[ChromeDriver: chrome on LINUX (948270a9cd669f54d4350219668f9a01)] -&gt; xpath: //*[@class=&apos;dropdown-menu dropdown-content rightMenu&apos;]//li//a] (tried for 60 second(s) with 500 milliseconds interval)&#10;Build info: version: &apos;3.141.59&apos;, revision: &apos;e82be7d358&apos;, time: &apos;2018-11-14T08:17:03&apos;&#10;System info: host: &apos;safia-HP-Laptop-15-dw3xxx&apos;, ip: &apos;127.0.1.1&apos;, os.name: &apos;Linux&apos;, os.arch: &apos;amd64&apos;, os.version: &apos;5.15.0-46-generic&apos;, java.version: &apos;11.0.16&apos;&#10;Driver info: org.openqa.selenium.chrome.ChromeDriver&#10;Capabilities {acceptInsecureCerts: false, browserName: chrome, browserVersion: 107.0.5304.110, chrome: {chromedriverVersion: 107.0.5304.62 (1eec40d3a576..., userDataDir: /tmp/.com.google.Chrome.rfhDnm}, goog:chromeOptions: {debuggerAddress: localhost:46583}, javascriptEnabled: true, networkConnectionEnabled: false, pageLoadStrategy: normal, platform: LINUX, platformName: LINUX, proxy: Proxy(), setWindowRect: true, strictFileInteractability: false, timeouts: {implicit: 0, pageLoad: 300000, script: 30000}, unhandledPromptBehavior: dismiss and notify, webauthn:extension:credBlob: true, webauthn:extension:largeBlob: true, webauthn:virtualAuthenticators: true}&#10;Session ID: 948270a9cd669f54d4350219668f9a01" type="org.openqa.selenium.TimeoutException">org.openqa.selenium.TimeoutException: 
Expected condition failed: waiting for element to be clickable: [[ChromeDriver: chrome on LINUX (948270a9cd669f54d4350219668f9a01)] -> xpath: //*[@class='dropdown-menu dropdown-content rightMenu']//li//a] (tried for 60 second(s) with 500 milliseconds interval)
Build info: version: '3.141.59', revision: 'e82be7d358', time: '2018-11-14T08:17:03'
System info: host: 'safia-HP-Laptop-15-dw3xxx', ip: '127.0.1.1', os.name: 'Linux', os.arch: 'amd64', os.version: '5.15.0-46-generic', java.version: '11.0.16'
Driver info: org.openqa.selenium.chrome.ChromeDriver
Capabilities {acceptInsecureCerts: false, browserName: chrome, browserVersion: 107.0.5304.110, chrome: {chromedriverVersion: 107.0.5304.62 (1eec40d3a576..., userDataDir: /tmp/.com.google.Chrome.rfhDnm}, goog:chromeOptions: {debuggerAddress: localhost:46583}, javascriptEnabled: true, networkConnectionEnabled: false, pageLoadStrategy: normal, platform: LINUX, platformName: LINUX, proxy: Proxy(), setWindowRect: true, strictFileInteractability: false, timeouts: {implicit: 0, pageLoad: 300000, script: 30000}, unhandledPromptBehavior: dismiss and notify, webauthn:extension:credBlob: true, webauthn:extension:largeBlob: true, webauthn:virtualAuthenticators: true}
Session ID: 948270a9cd669f54d4350219668f9a01
</error>
    <system-out><![CDATA[
@current-implementation @important
Scenario Outline: Check the buttons text and tool tip                                              &amp#27;[90m# src/test/java/Features/Dashboard.feature:46&amp#27;[0m
  &amp#27;[32mGiven &amp#27;[0m&amp#27;[32mThe user open the login page&amp#27;[0m                                                               &amp#27;[90m# StepDefinitions.LoginSteps.the_user_open_the_login_page()&amp#27;[0m
  &amp#27;[32mWhen &amp#27;[0m&amp#27;[32mThe user enter a valid username &amp#27;[0m&amp#27;[32m&amp#27;[1m"s.mahallel99@gmail.com"&amp#27;[0m                                    &amp#27;[90m# StepDefinitions.LoginSteps.the_user_enter_a_valid_username(java.lang.String)&amp#27;[0m
  &amp#27;[32mAnd &amp#27;[0m&amp#27;[32mThe user enter a valid password &amp#27;[0m&amp#27;[32m&amp#27;[1m"123456789a"&amp#27;[0m                                                 &amp#27;[90m# StepDefinitions.LoginSteps.the_user_enter_a_valid_password(java.lang.String)&amp#27;[0m
  &amp#27;[32mAnd &amp#27;[0m&amp#27;[32mThe user check the remeber me check box&amp#27;[0m                                                      &amp#27;[90m# StepDefinitions.LoginSteps.the_user_check_the_remeber_me_check_box()&amp#27;[0m
  &amp#27;[32mAnd &amp#27;[0m&amp#27;[32mThe user click on submit button&amp#27;[0m                                                              &amp#27;[90m# StepDefinitions.LoginSteps.the_user_click_on_submit_button()&amp#27;[0m
  &amp#27;[32mThen &amp#27;[0m&amp#27;[32mThe system should redirect to the dashboard page with the title &amp#27;[0m&amp#27;[32m&amp#27;[1m"ACME System 1 - Dashboard"&amp#27;[0m &amp#27;[90m# StepDefinitions.LoginSteps.the_system_should_redirect_to_the_dashboard_page_with_the_title(java.lang.String)&amp#27;[0m
  &amp#27;[32mThen &amp#27;[0m&amp#27;[32mThe system appear the button text &amp#27;[0m&amp#27;[32m&amp#27;[1m"Reports"&amp#27;[0m                                                 &amp#27;[90m# StepDefinitions.DashboardSteps.the_system_appear_the_button_text(java.lang.String)&amp#27;[0m
***************Download Monthly Report
+++++++++++Download Client and Support
+++++++++++Reset test data
+++++++++++Change password
+++++++++++Check training assignments
+++++++++++Add account modification
+++++++++++View account history
+++++++++++Search for Check
+++++++++++Submit Check Copy
+++++++++++Search for Vendor
+++++++++++Add Vendor
+++++++++++Download Resource Report
+++++++++++Resource Order
+++++++++++Download Vendor List
+++++++++++Vendor Inventory
+++++++++++Upload Order
+++++++++++Vendors Stock
+++++++++++Create Order
+++++++++++Search for Invoice
+++++++++++Add Invoice Details
+++++++++++Delete Invoice
+++++++++++Download Monthly Invoices
+++++++++++Download Full Invoice Report
+++++++++++Download Monthly Report
+++++++++++Upload Yearly Report
+++++++++++Download Enrollment Report
+++++++++++Download Result Report
+++++++++++Score Card
+++++++++++Download Daily Appointment
+++++++++++Download Treatment Report
+++++++++++National Insurance Planning
+++++++++++Add Account
>>>>>>>>>>>>>>0
  &amp#27;[32mAnd &amp#27;[0m&amp#27;[32mThe system appear First tool tip link &amp#27;[0m&amp#27;[32m&amp#27;[1m"Download Monthly Report"&amp#27;[0m                              &amp#27;[90m# StepDefinitions.DashboardSteps.the_system_appear_first_tool_tip_link(java.lang.String)&amp#27;[0m
***************Upload Yearly Report
+++++++++++Download Client and Support
+++++++++++Reset test data
+++++++++++Change password
+++++++++++Check training assignments
+++++++++++Add account modification
+++++++++++View account history
+++++++++++Search for Check
+++++++++++Submit Check Copy
+++++++++++Search for Vendor
+++++++++++Add Vendor
+++++++++++Download Resource Report
+++++++++++Resource Order
+++++++++++Download Vendor List
+++++++++++Vendor Inventory
+++++++++++Upload Order
+++++++++++Vendors Stock
+++++++++++Create Order
+++++++++++Search for Invoice
+++++++++++Add Invoice Details
+++++++++++Delete Invoice
+++++++++++Download Monthly Invoices
+++++++++++Download Full Invoice Report
+++++++++++Download Monthly Report
+++++++++++Upload Yearly Report
+++++++++++Download Enrollment Report
+++++++++++Download Result Report
+++++++++++Score Card
+++++++++++Download Daily Appointment
+++++++++++Download Treatment Report
+++++++++++National Insurance Planning
  &amp#27;[31mAnd &amp#27;[0m&amp#27;[31mThe system appear First tool tip link &amp#27;[0m&amp#27;[31m&amp#27;[1m"Upload Yearly Report"&amp#27;[0m                                 &amp#27;[90m# StepDefinitions.DashboardSteps.the_system_appear_first_tool_tip_link(java.lang.String)&amp#27;[0m
      &amp#27;[31morg.openqa.selenium.TimeoutException: Expected condition failed: waiting for element to be clickable: [[ChromeDriver: chrome on LINUX (948270a9cd669f54d4350219668f9a01)] -> xpath: //*[@class='dropdown-menu dropdown-content rightMenu']//li//a] (tried for 60 second(s) with 500 milliseconds interval)
Build info: version: '3.141.59', revision: 'e82be7d358', time: '2018-11-14T08:17:03'
System info: host: 'safia-HP-Laptop-15-dw3xxx', ip: '127.0.1.1', os.name: 'Linux', os.arch: 'amd64', os.version: '5.15.0-46-generic', java.version: '11.0.16'
Driver info: org.openqa.selenium.chrome.ChromeDriver
Capabilities {acceptInsecureCerts: false, browserName: chrome, browserVersion: 107.0.5304.110, chrome: {chromedriverVersion: 107.0.5304.62 (1eec40d3a576..., userDataDir: /tmp/.com.google.Chrome.rfhDnm}, goog:chromeOptions: {debuggerAddress: localhost:46583}, javascriptEnabled: true, networkConnectionEnabled: false, pageLoadStrategy: normal, platform: LINUX, platformName: LINUX, proxy: Proxy(), setWindowRect: true, strictFileInteractability: false, timeouts: {implicit: 0, pageLoad: 300000, script: 30000}, unhandledPromptBehavior: dismiss and notify, webauthn:extension:credBlob: true, webauthn:extension:largeBlob: true, webauthn:virtualAuthenticators: true}
Session ID: 948270a9cd669f54d4350219668f9a01
	at org.openqa.selenium.support.ui.WebDriverWait.timeoutException(WebDriverWait.java:95)
	at org.openqa.selenium.support.ui.FluentWait.until(FluentWait.java:272)
	at Pages.Dashboard.getToolTipLinksData(Dashboard.java:98)
	at StepDefinitions.DashboardSteps.the_system_appear_first_tool_tip_link(DashboardSteps.java:125)
	at ✽.The system appear First tool tip link "Upload Yearly Report"(file:///home/safia/eclipse-workspace/ACMESystem/src/test/java/Features/Dashboard.feature:28)
&amp#27;[0m
  &amp#27;[36mAnd &amp#27;[0m&amp#27;[36mThe system appear First tool tip link &amp#27;[0m&amp#27;[36m&amp#27;[1m""&amp#27;[0m                                                     &amp#27;[90m# StepDefinitions.DashboardSteps.the_system_appear_first_tool_tip_link(java.lang.String)&amp#27;[0m
  &amp#27;[36mAnd &amp#27;[0m&amp#27;[36mThe system appear First tool tip link &amp#27;[0m&amp#27;[36m&amp#27;[1m""&amp#27;[0m                                                     &amp#27;[90m# StepDefinitions.DashboardSteps.the_system_appear_first_tool_tip_link(java.lang.String)&amp#27;[0m
  &amp#27;[36mAnd &amp#27;[0m&amp#27;[36mThe system appear First tool tip link &amp#27;[0m&amp#27;[36m&amp#27;[1m""&amp#27;[0m                                                     &amp#27;[90m# StepDefinitions.DashboardSteps.the_system_appear_first_tool_tip_link(java.lang.String)&amp#27;[0m
  &amp#27;[36mAnd &amp#27;[0m&amp#27;[36mThe system appear First tool tip link &amp#27;[0m&amp#27;[36m&amp#27;[1m""&amp#27;[0m                                                     &amp#27;[90m# StepDefinitions.DashboardSteps.the_system_appear_first_tool_tip_link(java.lang.String)&amp#27;[0m
  &amp#27;[36mAnd &amp#27;[0m&amp#27;[36mThe system appear First tool tip link &amp#27;[0m&amp#27;[36m&amp#27;[1m""&amp#27;[0m                                                     &amp#27;[90m# StepDefinitions.DashboardSteps.the_system_appear_first_tool_tip_link(java.lang.String)&amp#27;[0m
  &amp#27;[36mAnd &amp#27;[0m&amp#27;[36mThe system appear First tool tip link &amp#27;[0m&amp#27;[36m&amp#27;[1m""&amp#27;[0m                                                     &amp#27;[90m# StepDefinitions.DashboardSteps.the_system_appear_first_tool_tip_link(java.lang.String)&amp#27;[0m
  &amp#27;[36mAnd &amp#27;[0m&amp#27;[36mThe system appear First tool tip link &amp#27;[0m&amp#27;[36m&amp#27;[1m""&amp#27;[0m                                                     &amp#27;[90m# StepDefinitions.DashboardSteps.the_system_appear_first_tool_tip_link(java.lang.String)&amp#27;[0m

    Embedding  [image/png 77291 bytes]

]]></system-out>
    <system-err><![CDATA[Starting ChromeDriver 107.0.5304.62 (1eec40d3a5764881c92085aaee66d25075c159aa-refs/branch-heads/5304@{#942}) on port 23671
Only local connections are allowed.
Please see https://chromedriver.chromium.org/security-considerations for suggestions on keeping ChromeDriver safe.
ChromeDriver was started successfully.
Dec 11, 2022 9:27:33 AM org.openqa.selenium.remote.ProtocolHandshake createSession
INFO: Detected dialect: W3C
]]></system-err>
  </testcase>
  <testcase name="Check the buttons text and tool tip #9" classname="Runner.Test" time="105.616">
    <error message="Expected condition failed: waiting for element to be clickable: [[ChromeDriver: chrome on LINUX (3df15a10990fa366029874f0cff9967c)] -&gt; xpath: //*[@class=&apos;dropdown-menu dropdown-content rightMenu&apos;]//li//a] (tried for 60 second(s) with 500 milliseconds interval)&#10;Build info: version: &apos;3.141.59&apos;, revision: &apos;e82be7d358&apos;, time: &apos;2018-11-14T08:17:03&apos;&#10;System info: host: &apos;safia-HP-Laptop-15-dw3xxx&apos;, ip: &apos;127.0.1.1&apos;, os.name: &apos;Linux&apos;, os.arch: &apos;amd64&apos;, os.version: &apos;5.15.0-46-generic&apos;, java.version: &apos;11.0.16&apos;&#10;Driver info: org.openqa.selenium.chrome.ChromeDriver&#10;Capabilities {acceptInsecureCerts: false, browserName: chrome, browserVersion: 107.0.5304.110, chrome: {chromedriverVersion: 107.0.5304.62 (1eec40d3a576..., userDataDir: /tmp/.com.google.Chrome.UgqomX}, goog:chromeOptions: {debuggerAddress: localhost:34695}, javascriptEnabled: true, networkConnectionEnabled: false, pageLoadStrategy: normal, platform: LINUX, platformName: LINUX, proxy: Proxy(), setWindowRect: true, strictFileInteractability: false, timeouts: {implicit: 0, pageLoad: 300000, script: 30000}, unhandledPromptBehavior: dismiss and notify, webauthn:extension:credBlob: true, webauthn:extension:largeBlob: true, webauthn:virtualAuthenticators: true}&#10;Session ID: 3df15a10990fa366029874f0cff9967c" type="org.openqa.selenium.TimeoutException">org.openqa.selenium.TimeoutException: 
Expected condition failed: waiting for element to be clickable: [[ChromeDriver: chrome on LINUX (3df15a10990fa366029874f0cff9967c)] -> xpath: //*[@class='dropdown-menu dropdown-content rightMenu']//li//a] (tried for 60 second(s) with 500 milliseconds interval)
Build info: version: '3.141.59', revision: 'e82be7d358', time: '2018-11-14T08:17:03'
System info: host: 'safia-HP-Laptop-15-dw3xxx', ip: '127.0.1.1', os.name: 'Linux', os.arch: 'amd64', os.version: '5.15.0-46-generic', java.version: '11.0.16'
Driver info: org.openqa.selenium.chrome.ChromeDriver
Capabilities {acceptInsecureCerts: false, browserName: chrome, browserVersion: 107.0.5304.110, chrome: {chromedriverVersion: 107.0.5304.62 (1eec40d3a576..., userDataDir: /tmp/.com.google.Chrome.UgqomX}, goog:chromeOptions: {debuggerAddress: localhost:34695}, javascriptEnabled: true, networkConnectionEnabled: false, pageLoadStrategy: normal, platform: LINUX, platformName: LINUX, proxy: Proxy(), setWindowRect: true, strictFileInteractability: false, timeouts: {implicit: 0, pageLoad: 300000, script: 30000}, unhandledPromptBehavior: dismiss and notify, webauthn:extension:credBlob: true, webauthn:extension:largeBlob: true, webauthn:virtualAuthenticators: true}
Session ID: 3df15a10990fa366029874f0cff9967c
</error>
    <system-out><![CDATA[
@current-implementation @important
Scenario Outline: Check the buttons text and tool tip                                              &amp#27;[90m# src/test/java/Features/Dashboard.feature:47&amp#27;[0m
  &amp#27;[32mGiven &amp#27;[0m&amp#27;[32mThe user open the login page&amp#27;[0m                                                               &amp#27;[90m# StepDefinitions.LoginSteps.the_user_open_the_login_page()&amp#27;[0m
  &amp#27;[32mWhen &amp#27;[0m&amp#27;[32mThe user enter a valid username &amp#27;[0m&amp#27;[32m&amp#27;[1m"s.mahallel99@gmail.com"&amp#27;[0m                                    &amp#27;[90m# StepDefinitions.LoginSteps.the_user_enter_a_valid_username(java.lang.String)&amp#27;[0m
  &amp#27;[32mAnd &amp#27;[0m&amp#27;[32mThe user enter a valid password &amp#27;[0m&amp#27;[32m&amp#27;[1m"123456789a"&amp#27;[0m                                                 &amp#27;[90m# StepDefinitions.LoginSteps.the_user_enter_a_valid_password(java.lang.String)&amp#27;[0m
  &amp#27;[32mAnd &amp#27;[0m&amp#27;[32mThe user check the remeber me check box&amp#27;[0m                                                      &amp#27;[90m# StepDefinitions.LoginSteps.the_user_check_the_remeber_me_check_box()&amp#27;[0m
  &amp#27;[32mAnd &amp#27;[0m&amp#27;[32mThe user click on submit button&amp#27;[0m                                                              &amp#27;[90m# StepDefinitions.LoginSteps.the_user_click_on_submit_button()&amp#27;[0m
  &amp#27;[32mThen &amp#27;[0m&amp#27;[32mThe system should redirect to the dashboard page with the title &amp#27;[0m&amp#27;[32m&amp#27;[1m"ACME System 1 - Dashboard"&amp#27;[0m &amp#27;[90m# StepDefinitions.LoginSteps.the_system_should_redirect_to_the_dashboard_page_with_the_title(java.lang.String)&amp#27;[0m
  &amp#27;[32mThen &amp#27;[0m&amp#27;[32mThe system appear the button text &amp#27;[0m&amp#27;[32m&amp#27;[1m"Students"&amp#27;[0m                                                &amp#27;[90m# StepDefinitions.DashboardSteps.the_system_appear_the_button_text(java.lang.String)&amp#27;[0m
***************Download Enrollment Report
+++++++++++Download Client and Support
+++++++++++Reset test data
+++++++++++Change password
+++++++++++Check training assignments
+++++++++++Add account modification
+++++++++++View account history
+++++++++++Search for Check
+++++++++++Submit Check Copy
+++++++++++Search for Vendor
+++++++++++Add Vendor
+++++++++++Download Resource Report
+++++++++++Resource Order
+++++++++++Download Vendor List
+++++++++++Vendor Inventory
+++++++++++Upload Order
+++++++++++Vendors Stock
+++++++++++Create Order
+++++++++++Search for Invoice
+++++++++++Add Invoice Details
+++++++++++Delete Invoice
+++++++++++Download Monthly Invoices
+++++++++++Download Full Invoice Report
+++++++++++Download Monthly Report
+++++++++++Upload Yearly Report
+++++++++++Download Enrollment Report
+++++++++++Download Result Report
+++++++++++Score Card
+++++++++++Download Daily Appointment
+++++++++++Download Treatment Report
+++++++++++National Insurance Planning
+++++++++++Add Account
>>>>>>>>>>>>>>0
  &amp#27;[32mAnd &amp#27;[0m&amp#27;[32mThe system appear First tool tip link &amp#27;[0m&amp#27;[32m&amp#27;[1m"Download Enrollment Report"&amp#27;[0m                           &amp#27;[90m# StepDefinitions.DashboardSteps.the_system_appear_first_tool_tip_link(java.lang.String)&amp#27;[0m
***************Download Result Report
+++++++++++Download Client and Support
+++++++++++Reset test data
+++++++++++Change password
+++++++++++Check training assignments
+++++++++++Add account modification
+++++++++++View account history
+++++++++++Search for Check
+++++++++++Submit Check Copy
+++++++++++Search for Vendor
+++++++++++Add Vendor
+++++++++++Download Resource Report
+++++++++++Resource Order
+++++++++++Download Vendor List
+++++++++++Vendor Inventory
+++++++++++Upload Order
+++++++++++Vendors Stock
+++++++++++Create Order
+++++++++++Search for Invoice
+++++++++++Add Invoice Details
+++++++++++Delete Invoice
+++++++++++Download Monthly Invoices
+++++++++++Download Full Invoice Report
+++++++++++Download Monthly Report
+++++++++++Upload Yearly Report
+++++++++++Download Enrollment Report
+++++++++++Download Result Report
+++++++++++Score Card
+++++++++++Download Daily Appointment
+++++++++++Download Treatment Report
+++++++++++National Insurance Planning
+++++++++++Add Account
>>>>>>>>>>>>>>0
  &amp#27;[32mAnd &amp#27;[0m&amp#27;[32mThe system appear First tool tip link &amp#27;[0m&amp#27;[32m&amp#27;[1m"Download Result Report"&amp#27;[0m                               &amp#27;[90m# StepDefinitions.DashboardSteps.the_system_appear_first_tool_tip_link(java.lang.String)&amp#27;[0m
***************Score Card
+++++++++++Download Client and Support
+++++++++++Reset test data
+++++++++++Change password
+++++++++++Check training assignments
+++++++++++Add account modification
+++++++++++View account history
+++++++++++Search for Check
+++++++++++Submit Check Copy
+++++++++++Search for Vendor
+++++++++++Add Vendor
+++++++++++Download Resource Report
+++++++++++Resource Order
+++++++++++Download Vendor List
+++++++++++Vendor Inventory
+++++++++++Upload Order
+++++++++++Vendors Stock
+++++++++++Create Order
+++++++++++Search for Invoice
+++++++++++Add Invoice Details
+++++++++++Delete Invoice
+++++++++++Download Monthly Invoices
+++++++++++Download Full Invoice Report
+++++++++++Download Monthly Report
+++++++++++Upload Yearly Report
+++++++++++Download Enrollment Report
+++++++++++Download Result Report
+++++++++++Score Card
+++++++++++Download Daily Appointment
+++++++++++Download Treatment Report
+++++++++++National Insurance Planning
+++++++++++Add Account
>>>>>>>>>>>>>>0
  &amp#27;[32mAnd &amp#27;[0m&amp#27;[32mThe system appear First tool tip link &amp#27;[0m&amp#27;[32m&amp#27;[1m"Score Card"&amp#27;[0m                                           &amp#27;[90m# StepDefinitions.DashboardSteps.the_system_appear_first_tool_tip_link(java.lang.String)&amp#27;[0m
***************
+++++++++++Download Client and Support
+++++++++++Reset test data
+++++++++++Change password
+++++++++++Check training assignments
+++++++++++Add account modification
+++++++++++View account history
+++++++++++Search for Check
+++++++++++Submit Check Copy
+++++++++++Search for Vendor
+++++++++++Add Vendor
+++++++++++Download Resource Report
+++++++++++Resource Order
+++++++++++Download Vendor List
+++++++++++Vendor Inventory
+++++++++++Upload Order
+++++++++++Vendors Stock
+++++++++++Create Order
+++++++++++Search for Invoice
+++++++++++Add Invoice Details
+++++++++++Delete Invoice
+++++++++++Download Monthly Invoices
+++++++++++Download Full Invoice Report
+++++++++++Download Monthly Report
+++++++++++Upload Yearly Report
+++++++++++Download Enrollment Report
+++++++++++Download Result Report
+++++++++++Score Card
+++++++++++Download Daily Appointment
+++++++++++Download Treatment Report
+++++++++++National Insurance Planning
+++++++++++Add Account
>>>>>>>>>>>>>>0
  &amp#27;[32mAnd &amp#27;[0m&amp#27;[32mThe system appear First tool tip link &amp#27;[0m&amp#27;[32m&amp#27;[1m""&amp#27;[0m                                                     &amp#27;[90m# StepDefinitions.DashboardSteps.the_system_appear_first_tool_tip_link(java.lang.String)&amp#27;[0m
***************
+++++++++++Download Client and Support
+++++++++++Reset test data
+++++++++++Change password
+++++++++++Check training assignments
+++++++++++Add account modification
+++++++++++View account history
+++++++++++Search for Check
+++++++++++Submit Check Copy
+++++++++++Search for Vendor
+++++++++++Add Vendor
+++++++++++Download Resource Report
+++++++++++Resource Order
+++++++++++Download Vendor List
+++++++++++Vendor Inventory
+++++++++++Upload Order
+++++++++++Vendors Stock
+++++++++++Create Order
+++++++++++Search for Invoice
+++++++++++Add Invoice Details
+++++++++++Delete Invoice
+++++++++++Download Monthly Invoices
+++++++++++Download Full Invoice Report
+++++++++++Download Monthly Report
+++++++++++Upload Yearly Report
+++++++++++Download Enrollment Report
+++++++++++Download Result Report
+++++++++++Score Card
+++++++++++Download Daily Appointment
+++++++++++Download Treatment Report
+++++++++++National Insurance Planning
+++++++++++Add Account
>>>>>>>>>>>>>>0
  &amp#27;[32mAnd &amp#27;[0m&amp#27;[32mThe system appear First tool tip link &amp#27;[0m&amp#27;[32m&amp#27;[1m""&amp#27;[0m                                                     &amp#27;[90m# StepDefinitions.DashboardSteps.the_system_appear_first_tool_tip_link(java.lang.String)&amp#27;[0m
***************
+++++++++++Download Client and Support
+++++++++++Reset test data
+++++++++++Change password
+++++++++++Check training assignments
+++++++++++Add account modification
+++++++++++View account history
+++++++++++Search for Check
+++++++++++Submit Check Copy
+++++++++++Search for Vendor
+++++++++++Add Vendor
+++++++++++Download Resource Report
+++++++++++Resource Order
+++++++++++Download Vendor List
+++++++++++Vendor Inventory
+++++++++++Upload Order
+++++++++++Vendors Stock
+++++++++++Create Order
+++++++++++Search for Invoice
+++++++++++Add Invoice Details
+++++++++++Delete Invoice
  &amp#27;[31mAnd &amp#27;[0m&amp#27;[31mThe system appear First tool tip link &amp#27;[0m&amp#27;[31m&amp#27;[1m""&amp#27;[0m                                                     &amp#27;[90m# StepDefinitions.DashboardSteps.the_system_appear_first_tool_tip_link(java.lang.String)&amp#27;[0m
      &amp#27;[31morg.openqa.selenium.TimeoutException: Expected condition failed: waiting for element to be clickable: [[ChromeDriver: chrome on LINUX (3df15a10990fa366029874f0cff9967c)] -> xpath: //*[@class='dropdown-menu dropdown-content rightMenu']//li//a] (tried for 60 second(s) with 500 milliseconds interval)
Build info: version: '3.141.59', revision: 'e82be7d358', time: '2018-11-14T08:17:03'
System info: host: 'safia-HP-Laptop-15-dw3xxx', ip: '127.0.1.1', os.name: 'Linux', os.arch: 'amd64', os.version: '5.15.0-46-generic', java.version: '11.0.16'
Driver info: org.openqa.selenium.chrome.ChromeDriver
Capabilities {acceptInsecureCerts: false, browserName: chrome, browserVersion: 107.0.5304.110, chrome: {chromedriverVersion: 107.0.5304.62 (1eec40d3a576..., userDataDir: /tmp/.com.google.Chrome.UgqomX}, goog:chromeOptions: {debuggerAddress: localhost:34695}, javascriptEnabled: true, networkConnectionEnabled: false, pageLoadStrategy: normal, platform: LINUX, platformName: LINUX, proxy: Proxy(), setWindowRect: true, strictFileInteractability: false, timeouts: {implicit: 0, pageLoad: 300000, script: 30000}, unhandledPromptBehavior: dismiss and notify, webauthn:extension:credBlob: true, webauthn:extension:largeBlob: true, webauthn:virtualAuthenticators: true}
Session ID: 3df15a10990fa366029874f0cff9967c
	at org.openqa.selenium.support.ui.WebDriverWait.timeoutException(WebDriverWait.java:95)
	at org.openqa.selenium.support.ui.FluentWait.until(FluentWait.java:272)
	at Pages.Dashboard.getToolTipLinksData(Dashboard.java:98)
	at StepDefinitions.DashboardSteps.the_system_appear_first_tool_tip_link(DashboardSteps.java:103)
	at ✽.The system appear First tool tip link ""(file:///home/safia/eclipse-workspace/ACMESystem/src/test/java/Features/Dashboard.feature:32)
&amp#27;[0m
  &amp#27;[36mAnd &amp#27;[0m&amp#27;[36mThe system appear First tool tip link &amp#27;[0m&amp#27;[36m&amp#27;[1m""&amp#27;[0m                                                     &amp#27;[90m# StepDefinitions.DashboardSteps.the_system_appear_first_tool_tip_link(java.lang.String)&amp#27;[0m
  &amp#27;[36mAnd &amp#27;[0m&amp#27;[36mThe system appear First tool tip link &amp#27;[0m&amp#27;[36m&amp#27;[1m""&amp#27;[0m                                                     &amp#27;[90m# StepDefinitions.DashboardSteps.the_system_appear_first_tool_tip_link(java.lang.String)&amp#27;[0m
  &amp#27;[36mAnd &amp#27;[0m&amp#27;[36mThe system appear First tool tip link &amp#27;[0m&amp#27;[36m&amp#27;[1m""&amp#27;[0m                                                     &amp#27;[90m# StepDefinitions.DashboardSteps.the_system_appear_first_tool_tip_link(java.lang.String)&amp#27;[0m

    Embedding  [image/png 84409 bytes]

]]></system-out>
    <system-err><![CDATA[Starting ChromeDriver 107.0.5304.62 (1eec40d3a5764881c92085aaee66d25075c159aa-refs/branch-heads/5304@{#942}) on port 16386
Only local connections are allowed.
Please see https://chromedriver.chromium.org/security-considerations for suggestions on keeping ChromeDriver safe.
ChromeDriver was started successfully.
Dec 11, 2022 9:29:04 AM org.openqa.selenium.remote.ProtocolHandshake createSession
INFO: Detected dialect: W3C
]]></system-err>
  </testcase>
  <testcase name="Check the buttons text and tool tip #10" classname="Runner.Test" time="67.725"/>
  <testcase name="Check the buttons text and tool tip #11" classname="Runner.Test" time="30.344">
    <failure message="Multiple Failures (2 failures)&#10;	no such window: target window already closed&#10;from unknown error: web view not found&#10;  (Session info: chrome=107.0.5304.110)&#10;Build info: version: &apos;3.141.59&apos;, revision: &apos;e82be7d358&apos;, time: &apos;2018-11-14T08:17:03&apos;&#10;System info: host: &apos;safia-HP-Laptop-15-dw3xxx&apos;, ip: &apos;127.0.1.1&apos;, os.name: &apos;Linux&apos;, os.arch: &apos;amd64&apos;, os.version: &apos;5.15.0-46-generic&apos;, java.version: &apos;11.0.16&apos;&#10;Driver info: org.openqa.selenium.chrome.ChromeDriver&#10;Capabilities {acceptInsecureCerts: false, browserName: chrome, browserVersion: 107.0.5304.110, chrome: {chromedriverVersion: 107.0.5304.62 (1eec40d3a576..., userDataDir: /tmp/.com.google.Chrome.3QzFnC}, goog:chromeOptions: {debuggerAddress: localhost:39489}, javascriptEnabled: true, networkConnectionEnabled: false, pageLoadStrategy: normal, platform: LINUX, platformName: LINUX, proxy: Proxy(), setWindowRect: true, strictFileInteractability: false, timeouts: {implicit: 0, pageLoad: 300000, script: 30000}, unhandledPromptBehavior: dismiss and notify, webauthn:extension:credBlob: true, webauthn:extension:largeBlob: true, webauthn:virtualAuthenticators: true}&#10;Session ID: 12707902ca85b4ff3de9d60212c5a78d&#10;*** Element info: {Using=xpath, value=//*[@class=&apos;dropdown-menu dropdown-content rightMenu&apos;]//li//a}&#10;	no such window: target window already closed&#10;from unknown error: web view not found&#10;  (Session info: chrome=107.0.5304.110)&#10;Build info: version: &apos;3.141.59&apos;, revision: &apos;e82be7d358&apos;, time: &apos;2018-11-14T08:17:03&apos;&#10;System info: host: &apos;safia-HP-Laptop-15-dw3xxx&apos;, ip: &apos;127.0.1.1&apos;, os.name: &apos;Linux&apos;, os.arch: &apos;amd64&apos;, os.version: &apos;5.15.0-46-generic&apos;, java.version: &apos;11.0.16&apos;&#10;Driver info: org.openqa.selenium.chrome.ChromeDriver&#10;Capabilities {acceptInsecureCerts: false, browserName: chrome, browserVersion: 107.0.5304.110, chrome: {chromedriverVersion: 107.0.5304.62 (1eec40d3a576..., userDataDir: /tmp/.com.google.Chrome.3QzFnC}, goog:chromeOptions: {debuggerAddress: localhost:39489}, javascriptEnabled: true, networkConnectionEnabled: false, pageLoadStrategy: normal, platform: LINUX, platformName: LINUX, proxy: Proxy(), setWindowRect: true, strictFileInteractability: false, timeouts: {implicit: 0, pageLoad: 300000, script: 30000}, unhandledPromptBehavior: dismiss and notify, webauthn:extension:credBlob: true, webauthn:extension:largeBlob: true, webauthn:virtualAuthenticators: true}&#10;Session ID: 12707902ca85b4ff3de9d60212c5a78d" type="org.opentest4j.MultipleFailuresError">org.opentest4j.MultipleFailuresError: 
Multiple Failures (2 failures)
	no such window: target window already closed
from unknown error: web view not found
  (Session info: chrome=107.0.5304.110)
Build info: version: '3.141.59', revision: 'e82be7d358', time: '2018-11-14T08:17:03'
System info: host: 'safia-HP-Laptop-15-dw3xxx', ip: '127.0.1.1', os.name: 'Linux', os.arch: 'amd64', os.version: '5.15.0-46-generic', java.version: '11.0.16'
Driver info: org.openqa.selenium.chrome.ChromeDriver
Capabilities {acceptInsecureCerts: false, browserName: chrome, browserVersion: 107.0.5304.110, chrome: {chromedriverVersion: 107.0.5304.62 (1eec40d3a576..., userDataDir: /tmp/.com.google.Chrome.3QzFnC}, goog:chromeOptions: {debuggerAddress: localhost:39489}, javascriptEnabled: true, networkConnectionEnabled: false, pageLoadStrategy: normal, platform: LINUX, platformName: LINUX, proxy: Proxy(), setWindowRect: true, strictFileInteractability: false, timeouts: {implicit: 0, pageLoad: 300000, script: 30000}, unhandledPromptBehavior: dismiss and notify, webauthn:extension:credBlob: true, webauthn:extension:largeBlob: true, webauthn:virtualAuthenticators: true}
Session ID: 12707902ca85b4ff3de9d60212c5a78d
*** Element info: {Using=xpath, value=//*[@class='dropdown-menu dropdown-content rightMenu']//li//a}
	no such window: target window already closed
from unknown error: web view not found
  (Session info: chrome=107.0.5304.110)
Build info: version: '3.141.59', revision: 'e82be7d358', time: '2018-11-14T08:17:03'
System info: host: 'safia-HP-Laptop-15-dw3xxx', ip: '127.0.1.1', os.name: 'Linux', os.arch: 'amd64', os.version: '5.15.0-46-generic', java.version: '11.0.16'
Driver info: org.openqa.selenium.chrome.ChromeDriver
Capabilities {acceptInsecureCerts: false, browserName: chrome, browserVersion: 107.0.5304.110, chrome: {chromedriverVersion: 107.0.5304.62 (1eec40d3a576..., userDataDir: /tmp/.com.google.Chrome.3QzFnC}, goog:chromeOptions: {debuggerAddress: localhost:39489}, javascriptEnabled: true, networkConnectionEnabled: false, pageLoadStrategy: normal, platform: LINUX, platformName: LINUX, proxy: Proxy(), setWindowRect: true, strictFileInteractability: false, timeouts: {implicit: 0, pageLoad: 300000, script: 30000}, unhandledPromptBehavior: dismiss and notify, webauthn:extension:credBlob: true, webauthn:extension:largeBlob: true, webauthn:virtualAuthenticators: true}
Session ID: 12707902ca85b4ff3de9d60212c5a78d
</failure>
    <system-out><![CDATA[
@current-implementation @important
Scenario Outline: Check the buttons text and tool tip                                              &amp#27;[90m# src/test/java/Features/Dashboard.feature:49&amp#27;[0m
[...]
	at org.junit.runners.ParentRunner.runChildren(ParentRunner.java:329)
	at org.junit.runners.ParentRunner.access$100(ParentRunner.java:66)
	at org.junit.runners.ParentRunner$2.evaluate(ParentRunner.java:293)
	at org.junit.runners.ParentRunner$3.evaluate(ParentRunner.java:306)
	at org.junit.runners.ParentRunner.run(ParentRunner.java:413)
	at io.cucumber.junit.FeatureRunner.run(FeatureRunner.java:137)
	at io.cucumber.junit.Cucumber.runChild(Cucumber.java:196)
	at io.cucumber.junit.Cucumber.runChild(Cucumber.java:89)
	at org.junit.runners.ParentRunner$4.run(ParentRunner.java:331)
	at org.junit.runners.ParentRunner$1.schedule(ParentRunner.java:79)
	at org.junit.runners.ParentRunner.runChildren(ParentRunner.java:329)
	at org.junit.runners.ParentRunner.access$100(ParentRunner.java:66)
	at org.junit.runners.ParentRunner$2.evaluate(ParentRunner.java:293)
	at io.cucumber.junit.Cucumber$RunBeforeAllHooks.evaluate(Cucumber.java:266)
	at io.cucumber.junit.Cucumber$RunAfterAllHooks.evaluate(Cucumber.java:281)
	at io.cucumber.junit.Cucumber$StartTestRun.evaluate(Cucumber.java:233)
	at io.cucumber.junit.Cucumber$FinishTestRun.evaluate(Cucumber.java:248)
	at org.junit.internal.runners.statements.RunAfters.evaluate(RunAfters.java:27)
	at org.junit.runners.ParentRunner$3.evaluate(ParentRunner.java:306)
	at org.junit.runners.ParentRunner.run(ParentRunner.java:413)
	at org.junit.runner.JUnitCore.run(JUnitCore.java:137)
	at org.junit.runner.JUnitCore.run(JUnitCore.java:115)
	at org.junit.vintage.engine.execution.RunnerExecutor.execute(RunnerExecutor.java:40)
	at java.base/java.util.stream.ForEachOps$ForEachOp$OfRef.accept(ForEachOps.java:183)
	at java.base/java.util.stream.ReferencePipeline$3$1.accept(ReferencePipeline.java:195)
	at java.base/java.util.Iterator.forEachRemaining(Iterator.java:133)
	at java.base/java.util.Spliterators$IteratorSpliterator.forEachRemaining(Spliterators.java:1801)
	at java.base/java.util.stream.AbstractPipeline.copyInto(AbstractPipeline.java:484)
	at java.base/java.util.stream.AbstractPipeline.wrapAndCopyInto(AbstractPipeline.java:474)
	at java.base/java.util.stream.ForEachOps$ForEachOp.evaluateSequential(ForEachOps.java:150)
	at java.base/java.util.stream.ForEachOps$ForEachOp$OfRef.evaluateSequential(ForEachOps.java:173)
	at java.base/java.util.stream.AbstractPipeline.evaluate(AbstractPipeline.java:234)
	at java.base/java.util.stream.ReferencePipeline.forEach(ReferencePipeline.java:497)
	at org.junit.vintage.engine.VintageTestEngine.executeAllChildren(VintageTestEngine.java:80)
	at org.junit.vintage.engine.VintageTestEngine.execute(VintageTestEngine.java:71)
	at org.junit.platform.launcher.core.DefaultLauncher.execute(DefaultLauncher.java:170)
	at org.junit.platform.launcher.core.DefaultLauncher.execute(DefaultLauncher.java:154)
	at org.junit.platform.launcher.core.DefaultLauncher.execute(DefaultLauncher.java:90)
	at org.apache.maven.surefire.junitplatform.JUnitPlatformProvider.invokeAllTests(JUnitPlatformProvider.java:142)
	at org.apache.maven.surefire.junitplatform.JUnitPlatformProvider.invoke(JUnitPlatformProvider.java:117)
	at org.apache.maven.surefire.booter.ForkedBooter.invokeProviderInSameClassLoader(ForkedBooter.java:383)
	at org.apache.maven.surefire.booter.ForkedBooter.runSuitesInProcess(ForkedBooter.java:344)
	at org.apache.maven.surefire.booter.ForkedBooter.execute(ForkedBooter.java:125)
	at org.apache.maven.surefire.booter.ForkedBooter.main(ForkedBooter.java:417)
Caused by: java.net.ConnectException: Connection refused (Connection refused)
	at java.base/java.net.PlainSocketImpl.socketConnect(Native Method)
	at java.base/java.net.AbstractPlainSocketImpl.doConnect(AbstractPlainSocketImpl.java:412)
	at java.base/java.net.AbstractPlainSocketImpl.connectToAddress(AbstractPlainSocketImpl.java:255)
	at java.base/java.net.AbstractPlainSocketImpl.connect(AbstractPlainSocketImpl.java:237)
	at java.base/java.net.SocksSocketImpl.connect(SocksSocketImpl.java:392)
	at java.base/java.net.Socket.connect(Socket.java:609)
	at okhttp3.internal.platform.Platform.connectSocket(Platform.java:129)
	at okhttp3.internal.connection.RealConnection.connectSocket(RealConnection.java:245)
	... 92 more
&amp#27;[0m
]]></system-out>
    <system-err><![CDATA[Starting ChromeDriver 107.0.5304.62 (1eec40d3a5764881c92085aaee66d25075c159aa-refs/branch-heads/5304@{#942}) on port 4002
Only local connections are allowed.
Please see https://chromedriver.chromium.org/security-considerations for suggestions on keeping ChromeDriver safe.
ChromeDriver was started successfully.
Dec 11, 2022 9:32:27 AM org.openqa.selenium.remote.ProtocolHandshake createSession
INFO: Detected dialect: W3C
]]></system-err>
  </testcase>
  <testcase name="Check the buttons text and tool tip #13" classname="Runner.Test" time="6.674">
    <failure message="Multiple Failures (2 failures)&#10;	no such window: target window already closed&#10;from unknown error: web view not found&#10;  (Session info: chrome=107.0.5304.110)&#10;Build info: version: &apos;3.141.59&apos;, revision: &apos;e82be7d358&apos;, time: &apos;2018-11-14T08:17:03&apos;&#10;System info: host: &apos;safia-HP-Laptop-15-dw3xxx&apos;, ip: &apos;127.0.1.1&apos;, os.name: &apos;Linux&apos;, os.arch: &apos;amd64&apos;, os.version: &apos;5.15.0-46-generic&apos;, java.version: &apos;11.0.16&apos;&#10;Driver info: org.openqa.selenium.chrome.ChromeDriver&#10;Capabilities {acceptInsecureCerts: false, browserName: chrome, browserVersion: 107.0.5304.110, chrome: {chromedriverVersion: 107.0.5304.62 (1eec40d3a576..., userDataDir: /tmp/.com.google.Chrome.58wCUI}, goog:chromeOptions: {debuggerAddress: localhost:46809}, javascriptEnabled: true, networkConnectionEnabled: false, pageLoadStrategy: normal, platform: LINUX, platformName: LINUX, proxy: Proxy(), setWindowRect: true, strictFileInteractability: false, timeouts: {implicit: 0, pageLoad: 300000, script: 30000}, unhandledPromptBehavior: dismiss and notify, webauthn:extension:credBlob: true, webauthn:extension:largeBlob: true, webauthn:virtualAuthenticators: true}&#10;Session ID: f8a1ba1a2d4db80ac35c24bd15566b51&#10;	no such window: target window already closed&#10;from unknown error: web view not found&#10;  (Session info: chrome=107.0.5304.110)&#10;Build info: version: &apos;3.141.59&apos;, revision: &apos;e82be7d358&apos;, time: &apos;2018-11-14T08:17:03&apos;&#10;System info: host: &apos;safia-HP-Laptop-15-dw3xxx&apos;, ip: &apos;127.0.1.1&apos;, os.name: &apos;Linux&apos;, os.arch: &apos;amd64&apos;, os.version: &apos;5.15.0-46-generic&apos;, java.version: &apos;11.0.16&apos;&#10;Driver info: org.openqa.selenium.chrome.ChromeDriver&#10;Capabilities {acceptInsecureCerts: false, browserName: chrome, browserVersion: 107.0.5304.110, chrome: {chromedriverVersion: 107.0.5304.62 (1eec40d3a576..., userDataDir: /tmp/.com.google.Chrome.58wCUI}, goog:chromeOptions: {debuggerAddress: localhost:46809}, javascriptEnabled: true, networkConnectionEnabled: false, pageLoadStrategy: normal, platform: LINUX, platformName: LINUX, proxy: Proxy(), setWindowRect: true, strictFileInteractability: false, timeouts: {implicit: 0, pageLoad: 300000, script: 30000}, unhandledPromptBehavior: dismiss and notify, webauthn:extension:credBlob: true, webauthn:extension:largeBlob: true, webauthn:virtualAuthenticators: true}&#10;Session ID: f8a1ba1a2d4db80ac35c24bd15566b51" type="org.opentest4j.MultipleFailuresError">org.opentest4j.MultipleFailuresError: 
Multiple Failures (2 failures)
	no such window: target window already closed
from unknown error: web view not found
  (Session info: chrome=107.0.5304.110)
Build info: version: '3.141.59', revision: 'e82be7d358', time: '2018-11-14T08:17:03'
System info: host: 'safia-HP-Laptop-15-dw3xxx', ip: '127.0.1.1', os.name: 'Linux', os.arch: 'amd64', os.version: '5.15.0-46-generic', java.version: '11.0.16'
Driver info: org.openqa.selenium.chrome.ChromeDriver
Capabilities {acceptInsecureCerts: false, browserName: chrome, browserVersion: 107.0.5304.110, chrome: {chromedriverVersion: 107.0.5304.62 (1eec40d3a576..., userDataDir: /tmp/.com.google.Chrome.58wCUI}, goog:chromeOptions: {debuggerAddress: localhost:46809}, javascriptEnabled: true, networkConnectionEnabled: false, pageLoadStrategy: normal, platform: LINUX, platformName: LINUX, proxy: Proxy(), setWindowRect: true, strictFileInteractability: false, timeouts: {implicit: 0, pageLoad: 300000, script: 30000}, unhandledPromptBehavior: dismiss and notify, webauthn:extension:credBlob: true, webauthn:extension:largeBlob: true, webauthn:virtualAuthenticators: true}
Session ID: f8a1ba1a2d4db80ac35c24bd15566b51
	no such window: target window already closed
from unknown error: web view not found
  (Session info: chrome=107.0.5304.110)
Build info: version: '3.141.59', revision: 'e82be7d358', time: '2018-11-14T08:17:03'
System info: host: 'safia-HP-Laptop-15-dw3xxx', ip: '127.0.1.1', os.name: 'Linux', os.arch: 'amd64', os.version: '5.15.0-46-generic', java.version: '11.0.16'
Driver info: org.openqa.selenium.chrome.ChromeDriver
Capabilities {acceptInsecureCerts: false, browserName: chrome, browserVersion: 107.0.5304.110, chrome: {chromedriverVersion: 107.0.5304.62 (1eec40d3a576..., userDataDir: /tmp/.com.google.Chrome.58wCUI}, goog:chromeOptions: {debuggerAddress: localhost:46809}, javascriptEnabled: true, networkConnectionEnabled: false, pageLoadStrategy: normal, platform: LINUX, platformName: LINUX, proxy: Proxy(), setWindowRect: true, strictFileInteractability: false, timeouts: {implicit: 0, pageLoad: 300000, script: 30000}, unhandledPromptBehavior: dismiss and notify, webauthn:extension:credBlob: true, webauthn:extension:largeBlob: true, webauthn:virtualAuthenticators: true}
Session ID: f8a1ba1a2d4db80ac35c24bd15566b51
</failure>
    <system-out><![CDATA[
@current-implementation @important
Scenario Outline: Check the buttons text and tool tip                                              &amp#27;[90m# src/test/java/Features/Dashboard.feature:51&amp#27;[0m
  &amp#27;[32mGiven &amp#27;[0m&amp#27;[32mThe user open the login page&amp#27;[0m                                                               &amp#27;[90m# StepDefinitions.LoginSteps.the_user_open_the_login_page()&amp#27;[0m
  &amp#27;[32mWhen &amp#27;[0m&amp#27;[32mThe user enter a valid username &amp#27;[0m&amp#27;[32m&amp#27;[1m"s.mahallel99@gmail.com"&amp#27;[0m                                    &amp#27;[90m# StepDefinitions.LoginSteps.the_user_enter_a_valid_username(java.lang.String)&amp#27;[0m
  &amp#27;[32mAnd &amp#27;[0m&amp#27;[32mThe user enter a valid password &amp#27;[0m&amp#27;[32m&amp#27;[1m"123456789a"&amp#27;[0m                                                 &amp#27;[90m# StepDefinitions.LoginSteps.the_user_enter_a_valid_password(java.lang.String)&amp#27;[0m
  &amp#27;[32mAnd &amp#27;[0m&amp#27;[32mThe user check the remeber me check box&amp#27;[0m                                                      &amp#27;[90m# StepDefinitions.LoginSteps.the_user_check_the_remeber_me_check_box()&amp#27;[0m
  &amp#27;[32mAnd &amp#27;[0m&amp#27;[32mThe user click on submit button&amp#27;[0m                                                              &amp#27;[90m# StepDefinitions.LoginSteps.the_user_click_on_submit_button()&amp#27;[0m
  &amp#27;[31mThen &amp#27;[0m&amp#27;[31mThe system should redirect to the dashboard page with the title &amp#27;[0m&amp#27;[31m&amp#27;[1m"ACME System 1 - Dashboard"&amp#27;[0m &amp#27;[90m# StepDefinitions.LoginSteps.the_system_should_redirect_to_the_dashboard_page_with_the_title(java.lang.String)&amp#27;[0m
      &amp#27;[31morg.openqa.selenium.NoSuchWindowException: no such window: target window already closed
from unknown error: web view not found
  (Session info: chrome=107.0.5304.110)
Build info: version: '3.141.59', revision: 'e82be7d358', time: '2018-11-14T08:17:03'
System info: host: 'safia-HP-Laptop-15-dw3xxx', ip: '127.0.1.1', os.name: 'Linux', os.arch: 'amd64', os.version: '5.15.0-46-generic', java.version: '11.0.16'
Driver info: org.openqa.selenium.chrome.ChromeDriver
Capabilities {acceptInsecureCerts: false, browserName: chrome, browserVersion: 107.0.5304.110, chrome: {chromedriverVersion: 107.0.5304.62 (1eec40d3a576..., userDataDir: /tmp/.com.google.Chrome.58wCUI}, goog:chromeOptions: {debuggerAddress: localhost:46809}, javascriptEnabled: true, networkConnectionEnabled: false, pageLoadStrategy: normal, platform: LINUX, platformName: LINUX, proxy: Proxy(), setWindowRect: true, strictFileInteractability: false, timeouts: {implicit: 0, pageLoad: 300000, script: 30000}, unhandledPromptBehavior: dismiss and notify, webauthn:extension:credBlob: true, webauthn:extension:largeBlob: true, webauthn:virtualAuthenticators: true}
Session ID: f8a1ba1a2d4db80ac35c24bd15566b51
	at java.base/jdk.internal.reflect.NativeConstructorAccessorImpl.newInstance0(Native Method)
	at java.base/jdk.internal.reflect.NativeConstructorAccessorImpl.newInstance(NativeConstructorAccessorImpl.java:62)
	at java.base/jdk.internal.reflect.DelegatingConstructorAccessorImpl.newInstance(DelegatingConstructorAccessorImpl.java:45)
	at java.base/java.lang.reflect.Constructor.newInstance(Constructor.java:490)
	at org.openqa.selenium.remote.http.W3CHttpResponseCodec.createException(W3CHttpResponseCodec.java:187)
	at org.openqa.selenium.remote.http.W3CHttpResponseCodec.decode(W3CHttpResponseCodec.java:122)
	at org.openqa.selenium.remote.http.W3CHttpResponseCodec.decode(W3CHttpResponseCodec.java:49)
	at org.openqa.selenium.remote.HttpCommandExecutor.execute(HttpCommandExecutor.java:158)
	at org.openqa.selenium.remote.service.DriverCommandExecutor.execute(DriverCommandExecutor.java:83)
	at org.openqa.selenium.remote.RemoteWebDriver.execute(RemoteWebDriver.java:552)
	at org.openqa.selenium.remote.RemoteWebDriver.execute(RemoteWebDriver.java:609)
	at org.openqa.selenium.remote.RemoteWebDriver.getTitle(RemoteWebDriver.java:281)
	at StepDefinitions.LoginSteps.the_system_should_redirect_to_the_dashboard_page_with_the_title(LoginSteps.java:95)
	at ✽.The system should redirect to the dashboard page with the title "ACME System 1 - Dashboard"(file:///home/safia/eclipse-workspace/ACMESystem/src/test/java/Features/Dashboard.feature:25)
&amp#27;[0m
  &amp#27;[36mThen &amp#27;[0m&amp#27;[36mThe system appear the button text &amp#27;[0m&amp#27;[36m&amp#27;[1m"Customer Service"&amp#27;[0m                                        &amp#27;[90m# StepDefinitions.DashboardSteps.the_system_appear_the_button_text(java.lang.String)&amp#27;[0m
  &amp#27;[36mAnd &amp#27;[0m&amp#27;[36mThe system appear First tool tip link &amp#27;[0m&amp#27;[36m&amp#27;[1m""&amp#27;[0m                                                     &amp#27;[90m# StepDefinitions.DashboardSteps.the_system_appear_first_tool_tip_link(java.lang.String)&amp#27;[0m
  &amp#27;[36mAnd &amp#27;[0m&amp#27;[36mThe system appear First tool tip link &amp#27;[0m&amp#27;[36m&amp#27;[1m""&amp#27;[0m                                                     &amp#27;[90m# StepDefinitions.DashboardSteps.the_system_appear_first_tool_tip_link(java.lang.String)&amp#27;[0m
  &amp#27;[36mAnd &amp#27;[0m&amp#27;[36mThe system appear First tool tip link &amp#27;[0m&amp#27;[36m&amp#27;[1m""&amp#27;[0m                                                     &amp#27;[90m# StepDefinitions.DashboardSteps.the_system_appear_first_tool_tip_link(java.lang.String)&amp#27;[0m
  &amp#27;[36mAnd &amp#27;[0m&amp#27;[36mThe system appear First tool tip link &amp#27;[0m&amp#27;[36m&amp#27;[1m""&amp#27;[0m                                                     &amp#27;[90m# StepDefinitions.DashboardSteps.the_system_appear_first_tool_tip_link(java.lang.String)&amp#27;[0m
  &amp#27;[36mAnd &amp#27;[0m&amp#27;[36mThe system appear First tool tip link &amp#27;[0m&amp#27;[36m&amp#27;[1m""&amp#27;[0m                                                     &amp#27;[90m# StepDefinitions.DashboardSteps.the_system_appear_first_tool_tip_link(java.lang.String)&amp#27;[0m
  &amp#27;[36mAnd &amp#27;[0m&amp#27;[36mThe system appear First tool tip link &amp#27;[0m&amp#27;[36m&amp#27;[1m""&amp#27;[0m                                                     &amp#27;[90m# StepDefinitions.DashboardSteps.the_system_appear_first_tool_tip_link(java.lang.String)&amp#27;[0m
  &amp#27;[36mAnd &amp#27;[0m&amp#27;[36mThe system appear First tool tip link &amp#27;[0m&amp#27;[36m&amp#27;[1m""&amp#27;[0m                                                     &amp#27;[90m# StepDefinitions.DashboardSteps.the_system_appear_first_tool_tip_link(java.lang.String)&amp#27;[0m
  &amp#27;[36mAnd &amp#27;[0m&amp#27;[36mThe system appear First tool tip link &amp#27;[0m&amp#27;[36m&amp#27;[1m""&amp#27;[0m                                                     &amp#27;[90m# StepDefinitions.DashboardSteps.the_system_appear_first_tool_tip_link(java.lang.String)&amp#27;[0m
  &amp#27;[36mAnd &amp#27;[0m&amp#27;[36mThe system appear First tool tip link &amp#27;[0m&amp#27;[36m&amp#27;[1m""&amp#27;[0m                                                     &amp#27;[90m# StepDefinitions.DashboardSteps.the_system_appear_first_tool_tip_link(java.lang.String)&amp#27;[0m
      &amp#27;[31morg.openqa.selenium.NoSuchWindowException: no such window: target window already closed
from unknown error: web view not found
  (Session info: chrome=107.0.5304.110)
Build info: version: '3.141.59', revision: 'e82be7d358', time: '2018-11-14T08:17:03'
System info: host: 'safia-HP-Laptop-15-dw3xxx', ip: '127.0.1.1', os.name: 'Linux', os.arch: 'amd64', os.version: '5.15.0-46-generic', java.version: '11.0.16'
Driver info: org.openqa.selenium.chrome.ChromeDriver
Capabilities {acceptInsecureCerts: false, browserName: chrome, browserVersion: 107.0.5304.110, chrome: {chromedriverVersion: 107.0.5304.62 (1eec40d3a576..., userDataDir: /tmp/.com.google.Chrome.58wCUI}, goog:chromeOptions: {debuggerAddress: localhost:46809}, javascriptEnabled: true, networkConnectionEnabled: false, pageLoadStrategy: normal, platform: LINUX, platformName: LINUX, proxy: Proxy(), setWindowRect: true, strictFileInteractability: false, timeouts: {implicit: 0, pageLoad: 300000, script: 30000}, unhandledPromptBehavior: dismiss and notify, webauthn:extension:credBlob: true, webauthn:extension:largeBlob: true, webauthn:virtualAuthenticators: true}
Session ID: f8a1ba1a2d4db80ac35c24bd15566b51
	at java.base/jdk.internal.reflect.NativeConstructorAccessorImpl.newInstance0(Native Method)
	at java.base/jdk.internal.reflect.NativeConstructorAccessorImpl.newInstance(NativeConstructorAccessorImpl.java:62)
	at java.base/jdk.internal.reflect.DelegatingConstructorAccessorImpl.newInstance(DelegatingConstructorAccessorImpl.java:45)
	at java.base/java.lang.reflect.Constructor.newInstance(Constructor.java:490)
	at org.openqa.selenium.remote.http.W3CHttpResponseCodec.createException(W3CHttpResponseCodec.java:187)
	at org.openqa.selenium.remote.http.W3CHttpResponseCodec.decode(W3CHttpResponseCodec.java:122)
	at org.openqa.selenium.remote.http.W3CHttpResponseCodec.decode(W3CHttpResponseCodec.java:49)
	at org.openqa.selenium.remote.HttpCommandExecutor.execute(HttpCommandExecutor.java:158)
	at org.openqa.selenium.remote.service.DriverCommandExecutor.execute(DriverCommandExecutor.java:83)
	at org.openqa.selenium.remote.RemoteWebDriver.execute(RemoteWebDriver.java:552)
	at org.openqa.selenium.remote.RemoteWebDriver.execute(RemoteWebDriver.java:609)
	at org.openqa.selenium.remote.RemoteWebDriver.getScreenshotAs(RemoteWebDriver.java:295)
	at StepDefinitions.Hooks.takeScreenShotOnFailure(Hooks.java:47)
&amp#27;[0m
]]></system-out>
    <system-err><![CDATA[Starting ChromeDriver 107.0.5304.62 (1eec40d3a5764881c92085aaee66d25075c159aa-refs/branch-heads/5304@{#942}) on port 3670
Only local connections are allowed.
Please see https://chromedriver.chromium.org/security-considerations for suggestions on keeping ChromeDriver safe.
ChromeDriver was started successfully.
Dec 11, 2022 9:32:36 AM org.openqa.selenium.remote.ProtocolHandshake createSession
INFO: Detected dialect: W3C
]]></system-err>
  </testcase>
</testsuite>