<?xml version="1.0" encoding="UTF-8"?>
<testsuite xmlns:xsi="http://www.w3.org/2001/XMLSchema-instance" xsi:noNamespaceSchemaLocation="https://maven.apache.org/surefire/maven-surefire-plugin/xsd/surefire-test-report.xsd" name="Runner.Test" time="45.955" tests="1" errors="0" skipped="0" failures="1">
  <properties>
[...]
</properties>
  <testcase name="Change items status" classname="Work Item" time="45.191">
    <failure message="expected:&lt;A[CME System 1] - Reset Test Data&gt; but was:&lt;A[ccount] - Reset Test Data&gt;" type="org.junit.ComparisonFailure"><![CDATA[org.junit.ComparisonFailure: expected:<A[CME System 1] - Reset Test Data> but was:<A[ccount] - Reset Test Data>
]]></failure>
    <system-out><![CDATA[
@current-implementation @important
Scenario Outline: Change items status                                                                       &amp#27;[90m# src/test/java/Features/WorkItems.feature:73&amp#27;[0m
  &amp#27;[32mGiven &amp#27;[0m&amp#27;[32mThe user open the login page&amp#27;[0m                                                                        &amp#27;[90m# StepDefinitions.LoginSteps.the_user_open_the_login_page()&amp#27;[0m
  &amp#27;[32mWhen &amp#27;[0m&amp#27;[32mThe user enter a valid username &amp#27;[0m&amp#27;[32m&amp#27;[1m"s.mahallel99@gmail.com"&amp#27;[0m                                             &amp#27;[90m# StepDefinitions.LoginSteps.the_user_enter_a_valid_username(java.lang.String)&amp#27;[0m
  &amp#27;[32mAnd &amp#27;[0m&amp#27;[32mThe user enter a valid password &amp#27;[0m&amp#27;[32m&amp#27;[1m"123456789a"&amp#27;[0m                                                          &amp#27;[90m# StepDefinitions.LoginSteps.the_user_enter_a_valid_password(java.lang.String)&amp#27;[0m
  &amp#27;[32mAnd &amp#27;[0m&amp#27;[32mThe user check the remeber me check box&amp#27;[0m                                                               &amp#27;[90m# StepDefinitions.LoginSteps.the_user_check_the_remeber_me_check_box()&amp#27;[0m
  &amp#27;[32mThen &amp#27;[0m&amp#27;[32mThe system should redirect to the dashboard page with the title &amp#27;[0m&amp#27;[32m&amp#27;[1m"ACME System 1 - Dashboard"&amp#27;[0m          &amp#27;[90m# StepDefinitions.LoginSteps.the_system_should_redirect_to_the_dashboard_page_with_the_title(java.lang.String)&amp#27;[0m
  &amp#27;[32mGiven &amp#27;[0m&amp#27;[32mThe user open the Work Items&amp#27;[0m                                                                        &amp#27;[90m# StepDefinitions.WorkItemsSteps.the_user_open_the_work_items()&amp#27;[0m
  &amp#27;[32mAnd &amp#27;[0m&amp#27;[32mThe user choose item  &amp#27;[0m&amp#27;[32m&amp#27;[1m"87977467"&amp#27;[0m                                                                      &amp#27;[90m# StepDefinitions.WorkItemsSteps.the_user_choose_item(java.lang.String)&amp#27;[0m
  &amp#27;[32mWhen &amp#27;[0m&amp#27;[32mClick symbol search&amp#27;[0m                                                                                  &amp#27;[90m# StepDefinitions.WorkItemsSteps.click_symbol_search()&amp#27;[0m
  &amp#27;[32mThen &amp#27;[0m&amp#27;[32mWork Item details appear with the header &amp#27;[0m&amp#27;[32m&amp#27;[1m"Work Items - Work Item Details"&amp#27;[0m                            &amp#27;[90m# StepDefinitions.WorkItemsSteps.work_item_details_appear_with_the_header(java.lang.String)&amp#27;[0m
  &amp#27;[32mWhen &amp#27;[0m&amp#27;[32mUser click on button Update Work Item&amp#27;[0m                                                                &amp#27;[90m# StepDefinitions.WorkItemsSteps.user_click_on_button_update_work_item()&amp#27;[0m
  &amp#27;[32mThen &amp#27;[0m&amp#27;[32mA new windows pop Up with the header &amp#27;[0m&amp#27;[32m&amp#27;[1m"ACME System 1"&amp#27;[0m                                                 &amp#27;[90m# StepDefinitions.WorkItemsSteps.a_new_windows_pop_up_with_the_header(java.lang.String)&amp#27;[0m
  &amp#27;[32mGiven &amp#27;[0m&amp#27;[32mThe User change the status of the item to &amp#27;[0m&amp#27;[32m&amp#27;[1m"Completed"&amp#27;[0m&amp#27;[32m and add comment and click on Update Work Item&amp#27;[0m &amp#27;[90m# StepDefinitions.WorkItemsSteps.the_user_change_the_status_of_the_item_to_and_add_comment_and_click_on_update_work_item(java.lang.String)&amp#27;[0m
  &amp#27;[32mThen &amp#27;[0m&amp#27;[32mThen an alert with following appears &amp#27;[0m&amp#27;[32m&amp#27;[1m"Work Item was updated accordingly"&amp#27;[0m                             &amp#27;[90m# StepDefinitions.WorkItemsSteps.then_an_alert_with_following_appears(java.lang.String)&amp#27;[0m
  &amp#27;[32mGiven &amp#27;[0m&amp#27;[32mThe user navigate back to work item table and check the status of random selected item&amp#27;[0m              &amp#27;[90m# StepDefinitions.WorkItemsSteps.the_user_navigate_back_to_work_item_table_and_check_the_status_of_random_selected_item()&amp#27;[0m
  &amp#27;[32mThen &amp#27;[0m&amp#27;[32mThe item status is changed to &amp#27;[0m&amp#27;[32m&amp#27;[1m"Completed"&amp#27;[0m                                                            &amp#27;[90m# StepDefinitions.WorkItemsSteps.the_item_status_is_changed_to(java.lang.String)&amp#27;[0m
  &amp#27;[32mGiven &amp#27;[0m&amp#27;[32mThe user click on reset data&amp#27;[0m                                                                        &amp#27;[90m# StepDefinitions.WorkItemsSteps.the_user_click_on_reset_data()&amp#27;[0m
  &amp#27;[31mThen &amp#27;[0m&amp#27;[31m&amp#27;[0m&amp#27;[31m&amp#27;[1m"Account - Reset Test Data"&amp#27;[0m&amp#27;[31m appear&amp#27;[0m                                                                   &amp#27;[90m# StepDefinitions.WorkItemsSteps.appear(java.lang.String)&amp#27;[0m
      &amp#27;[31morg.junit.ComparisonFailure: expected:<A[CME System 1] - Reset Test Data> but was:<A[ccount] - Reset Test Data>
	at org.junit.Assert.assertEquals(Assert.java:117)
	at org.junit.Assert.assertEquals(Assert.java:146)
	at StepDefinitions.WorkItemsSteps.appear(WorkItemsSteps.java:219)
	at ✽."Account - Reset Test Data" appear(file:///home/safia/eclipse-workspace/ACMESystem/src/test/java/Features/WorkItems.feature:63)
&amp#27;[0m
  &amp#27;[36mWhen &amp#27;[0m&amp#27;[36mThe user click on Reset Test Data&amp#27;[0m                                                                    &amp#27;[90m# StepDefinitions.WorkItemsSteps.the_user_click_on_reset_test_data()&amp#27;[0m
  &amp#27;[36mThen &amp#27;[0m&amp#27;[36mProgress bar appear&amp#27;[0m                                                                                  &amp#27;[90m# StepDefinitions.WorkItemsSteps.progress_bar_appear()&amp#27;[0m
  &amp#27;[36mAnd &amp#27;[0m&amp#27;[36mAlert with the following appear &amp#27;[0m&amp#27;[36m&amp#27;[1m"Your Test Data has been successfully reset."&amp#27;[0m                         &amp#27;[90m# StepDefinitions.WorkItemsSteps.alert_with_the_following_appear(java.lang.String)&amp#27;[0m
  &amp#27;[36mWhen &amp#27;[0m&amp#27;[36mThe user click OK&amp#27;[0m                                                                                    &amp#27;[90m# StepDefinitions.WorkItemsSteps.the_user_click_ok()&amp#27;[0m
  &amp#27;[36mThen &amp#27;[0m&amp#27;[36mThe alert disappear and the progress bar&amp#27;[0m                                                             &amp#27;[90m# StepDefinitions.WorkItemsSteps.the_alert_disappear_and_the_progress_bar()&amp#27;[0m
  &amp#27;[36mAnd &amp#27;[0m&amp#27;[36mThe data in Work item table is reseted&amp#27;[0m                                                                &amp#27;[90m# StepDefinitions.WorkItemsSteps.the_data_in_work_item_table_is_reseted()&amp#27;[0m

    Embedding  [image/png 79943 bytes]

]]></system-out>
    <system-err><![CDATA[SLF4J: Failed to load class "org.slf4j.impl.StaticLoggerBinder".
SLF4J: Defaulting to no-operation (NOP) logger implementation
SLF4J: See http://www.slf4j.org/codes.html#StaticLoggerBinder for further details.
Starting ChromeDriver 104.0.5112.79 (3cf3e8c8a07d104b9e1260c910efb8f383285dc5-refs/branch-heads/5112@{#1307}) on port 20038
Only local connections are allowed.
Please see https://chromedriver.chromium.org/security-considerations for suggestions on keeping ChromeDriver safe.
ChromeDriver was started successfully.
Oct 23, 2022 3:43:33 PM org.openqa.selenium.remote.ProtocolHandshake createSession
INFO: Detected dialect: W3C
]]></system-err>
  </testcase>
</testsuite>