<?xml version="1.0" encoding="UTF-8"?>
<testsuite xmlns:xsi="http://www.w3.org/2001/XMLSchema-instance" xsi:noNamespaceSchemaLocation="https://maven.apache.org/surefire/maven-surefire-plugin/xsd/surefire-test-report-3.0.xsd" version="3.0" name="Runner.Test" time="18.35" tests="1" errors="0" skipped="0" failures="0">
  <properties>
[...]
</properties>
  <testcase name="Uncheck the captcha check box" classname="Register" time="17.639">
    <system-out><![CDATA[
@current-implementation @medium
Scenario Outline: Uncheck the captcha check box                                                        &amp#27;[90m# src/test/java/Features/Register.feature:110&amp#27;[0m
  &amp#27;[32mGiven &amp#27;[0m&amp#27;[32mThe user open the registration page&amp#27;[0m                                                            &amp#27;[90m# StepDefinitions.RegisterSteps.the_user_open_the_registration_page()&amp#27;[0m
  &amp#27;[32mWhen &amp#27;[0m&amp#27;[32mThe user enter a valid username in registration page &amp#27;[0m&amp#27;[32m&amp#27;[1m"s.mahallel99@gmail.comb"&amp#27;[0m                  &amp#27;[90m# StepDefinitions.RegisterSteps.the_user_enter_a_valid_username_in_registration_page(java.lang.String)&amp#27;[0m
  &amp#27;[32mAnd &amp#27;[0m&amp#27;[32mThe user enter a valid password in registration page  &amp#27;[0m&amp#27;[32m&amp#27;[1m"123456789a"&amp#27;[0m                               &amp#27;[90m# StepDefinitions.RegisterSteps.the_user_enter_a_valid_password_in_registration_page(java.lang.String)&amp#27;[0m
  &amp#27;[32mAnd &amp#27;[0m&amp#27;[32mThe user enter a valid retypepassword in registration page &amp#27;[0m&amp#27;[32m&amp#27;[1m"123456789a"&amp#27;[0m                          &amp#27;[90m# StepDefinitions.RegisterSteps.the_user_enter_a_valid_retypepassword_in_registration_page(java.lang.String)&amp#27;[0m
  &amp#27;[32mAnd &amp#27;[0m&amp#27;[32mThe user uncheck the captcha&amp#27;[0m                                                                     &amp#27;[90m# StepDefinitions.RegisterSteps.the_user_uncheck_the_captcha()&amp#27;[0m
  &amp#27;[32mAnd &amp#27;[0m&amp#27;[32mThe user check the terms ofuse and privacy policy&amp#27;[0m                                                &amp#27;[90m# StepDefinitions.RegisterSteps.the_user_check_the_terms_ofuse_and_privacy_policy()&amp#27;[0m
  &amp#27;[32mAnd &amp#27;[0m&amp#27;[32mThe user click on register button&amp#27;[0m                                                                &amp#27;[90m# StepDefinitions.RegisterSteps.the_user_click_on_register_button()&amp#27;[0m
  &amp#27;[32mThen &amp#27;[0m&amp#27;[32mThe system appear an error message in registration page &amp#27;[0m&amp#27;[32m&amp#27;[1m"Please validate that you are a human!"&amp#27;[0m &amp#27;[90m# StepDefinitions.RegisterSteps.the_system_appear_an_error_message_in_registration_page(java.lang.String)&amp#27;[0m
]]></system-out>
    <system-err><![CDATA[SLF4J: Failed to load class "org.slf4j.impl.StaticLoggerBinder".
SLF4J: Defaulting to no-operation (NOP) logger implementation
SLF4J: See http://www.slf4j.org/codes.html#StaticLoggerBinder for further details.
Starting ChromeDriver 104.0.5112.79 (3cf3e8c8a07d104b9e1260c910efb8f383285dc5-refs/branch-heads/5112@{#1307}) on port 7990
Only local connections are allowed.
Please see https://chromedriver.chromium.org/security-considerations for suggestions on keeping ChromeDriver safe.
ChromeDriver was started successfully.
Nov 10, 2022 2:56:18 PM org.openqa.selenium.remote.ProtocolHandshake createSession
INFO: Detected dialect: W3C
]]></system-err>
  </testcase>
</testsuite>