<?xml version="1.0" encoding="UTF-8" ?>
<testsuite tests="1" failures="1" name="Runner.Test" time="17.566" errors="0" skipped="0">
  <properties>
[...]
</properties>
  <testcase classname="Register" name="Enter true values in all fields" time="17.566">
    <failure message="expected:&lt;ACME System 1 - [Dashboard]&gt; but was:&lt;ACME System 1 - [Register]&gt;" type="org.junit.ComparisonFailure">org.junit.ComparisonFailure: expected:&lt;ACME System 1 - [Dashboard]&gt; but was:&lt;ACME System 1 - [Register]&gt;
	at org.junit.Assert.assertEquals(Assert.java:117)
	at org.junit.Assert.assertEquals(Assert.java:146)
	at StepDefinitions.LoginSteps.the_system_should_redirect_to_the_dashboard_page_with_the_title(LoginSteps.java:96)
	at ✽.The system should redirect to the dashboard page with the title &quot;ACME System 1 - Dashboard&quot;(file:///home/safia/eclipse-workspace/ACMESystem/src/test/java/Features/Register.feature:150)
</failure>
    <system-out>
@current-implementation @important
Scenario Outline: Enter true values in all fields                                                  &amp;#27;[90m# src/test/java/Features/Register.feature:154&amp;#27;[0m
  &amp;#27;[32mGiven &amp;#27;[0m&amp;#27;[32mThe user open the registration page&amp;#27;[0m                                                        &amp;#27;[90m# StepDefinitions.RegisterSteps.the_user_open_the_registration_page()&amp;#27;[0m
  &amp;#27;[32mWhen &amp;#27;[0m&amp;#27;[32mThe user enter a valid username in registration page &amp;#27;[0m&amp;#27;[32m&amp;#27;[1m&quot;s.mahallel99@gmail.comb&quot;&amp;#27;[0m              &amp;#27;[90m# StepDefinitions.RegisterSteps.the_user_enter_a_valid_username_in_registration_page(java.lang.String)&amp;#27;[0m
  &amp;#27;[32mAnd &amp;#27;[0m&amp;#27;[32mThe user enter a valid password in registration page  &amp;#27;[0m&amp;#27;[32m&amp;#27;[1m&quot;123456789a&quot;&amp;#27;[0m                           &amp;#27;[90m# StepDefinitions.RegisterSteps.the_user_enter_a_valid_password_in_registration_page(java.lang.String)&amp;#27;[0m
  &amp;#27;[32mAnd &amp;#27;[0m&amp;#27;[32mThe user enter a valid retypepassword in registration page &amp;#27;[0m&amp;#27;[32m&amp;#27;[1m&quot;&lt;retypepassword&gt;&quot;&amp;#27;[0m                &amp;#27;[90m# StepDefinitions.RegisterSteps.the_user_enter_a_valid_retypepassword_in_registration_page(java.lang.String)&amp;#27;[0m
  &amp;#27;[32mAnd &amp;#27;[0m&amp;#27;[32mThe user check the terms ofuse and privacy policy&amp;#27;[0m                                            &amp;#27;[90m# StepDefinitions.RegisterSteps.the_user_check_the_terms_ofuse_and_privacy_policy()&amp;#27;[0m
  &amp;#27;[32mAnd &amp;#27;[0m&amp;#27;[32mThe user check the captcha&amp;#27;[0m                                                                   &amp;#27;[90m# StepDefinitions.RegisterSteps.the_user_check_the_captcha()&amp;#27;[0m
  &amp;#27;[32mAnd &amp;#27;[0m&amp;#27;[32mThe user click on register button&amp;#27;[0m                                                            &amp;#27;[90m# StepDefinitions.RegisterSteps.the_user_click_on_register_button()&amp;#27;[0m
  &amp;#27;[31mThen &amp;#27;[0m&amp;#27;[31mThe system should redirect to the dashboard page with the title &amp;#27;[0m&amp;#27;[31m&amp;#27;[1m&quot;ACME System 1 - Dashboard&quot;&amp;#27;[0m &amp;#27;[90m# StepDefinitions.LoginSteps.the_system_should_redirect_to_the_dashboard_page_with_the_title(java.lang.String)&amp;#27;[0m
      &amp;#27;[31morg.junit.ComparisonFailure: expected:&lt;ACME System 1 - [Dashboard]&gt; but was:&lt;ACME System 1 - [Register]&gt;
	at org.junit.Assert.assertEquals(Assert.java:117)
	at org.junit.Assert.assertEquals(Assert.java:146)
	at StepDefinitions.LoginSteps.the_system_should_redirect_to_the_dashboard_page_with_the_title(LoginSteps.java:96)
	at ✽.The system should redirect to the dashboard page with the title &quot;ACME System 1 - Dashboard&quot;(file:///home/safia/eclipse-workspace/ACMESystem/src/test/java/Features/Register.feature:150)
&amp;#27;[0m

    Embedding  [image/png 67026 bytes]

</system-out>
    <system-err>SLF4J: Failed to load class &quot;org.slf4j.impl.StaticLoggerBinder&quot;.
SLF4J: Defaulting to no-operation (NOP) logger implementation
SLF4J: See http://www.slf4j.org/codes.html#StaticLoggerBinder for further details.
Starting ChromeDriver 104.0.5112.79 (3cf3e8c8a07d104b9e1260c910efb8f383285dc5-refs/branch-heads/5112@{#1307}) on port 30388
Only local connections are allowed.
Please see https://chromedriver.chromium.org/security-considerations for suggestions on keeping ChromeDriver safe.
ChromeDriver was started successfully.
Oct 27, 2022 1:22:35 PM org.openqa.selenium.remote.ProtocolHandshake createSession
INFO: Detected dialect: W3C
</system-err>
  </testcase>
</testsuite>