<?xml version="1.0" encoding="UTF-8" standalone="no"?>
<testsuite errors="0" failures="1" name="io.cucumber.core.plugin.JUnitFormatter" skipped="0" tests="1" time="14.891">
    <testcase classname="Register" name="Check the intial status of the check boxes" time="14.762">
        <failure message="expected:&lt;false&gt; but was:&lt;true&gt;" type="java.lang.AssertionError">
            <![CDATA[Given The user open the registration page...................................passed
When The user does not enter any data.......................................passed
Then The terms ofuse and privacy polic check box is unchecked...............passed
And The captcha check box is unchecked......................................failed

StackTrace:
java.lang.AssertionError: expected:<false> but was:<true>
	at org.junit.Assert.fail(Assert.java:89)
	at org.junit.Assert.failNotEquals(Assert.java:835)
	at org.junit.Assert.assertEquals(Assert.java:120)
	at org.junit.Assert.assertEquals(Assert.java:146)
	at StepDefinitions.RegisterSteps.the_captcha_check_box_is_unchecked(RegisterSteps.java:87)
	at âœ½.The captcha check box is unchecked(file:///home/safia/eclipse-workspace/ACMESystem/src/test/java/Features/Register.feature:117)
]]>
        </failure>
    </testcase>
</testsuite>
